[ 2015-12-05T15:22:32+08:00 ] 127.0.0.1 /
INFO: [ app_init ] --START--
INFO: Run Behavior\BuildLiteBehavior [ RunTime:0.000000s ]
INFO: [ app_init ] --END-- [ RunTime:0.160009s ]
INFO: [ app_begin ] --START--
INFO: Run Behavior\ReadHtmlCacheBehavior [ RunTime:0.028002s ]
INFO: [ app_begin ] --END-- [ RunTime:0.028002s ]
INFO: [ view_parse ] --START--
INFO: [ template_filter ] --START--
INFO: Run Behavior\ContentReplaceBehavior [ RunTime:0.000000s ]
INFO: [ template_filter ] --END-- [ RunTime:0.000000s ]
INFO: Run Behavior\ParseTemplateBehavior [ RunTime:0.341019s ]
INFO: [ view_parse ] --END-- [ RunTime:0.341019s ]
INFO: [ view_filter ] --START--
INFO: Run Behavior\WriteHtmlCacheBehavior [ RunTime:0.039002s ]
INFO: [ view_filter ] --END-- [ RunTime:0.039002s ]
INFO: [ app_end ] --START--
INFO: Run Behavior\ShowPageTraceBehavior [ RunTime:0.047003s ]
INFO: [ app_end ] --END-- [ RunTime:0.047003s ]

[ 2015-12-05T15:22:38+08:00 ] 127.0.0.1 /index.php/login/login
INFO: [ app_init ] --START--
INFO: Run Behavior\BuildLiteBehavior [ RunTime:0.000000s ]
INFO: [ app_init ] --END-- [ RunTime:0.001000s ]
INFO: [ app_begin ] --START--
INFO: Run Behavior\ReadHtmlCacheBehavior [ RunTime:0.000000s ]
INFO: [ app_begin ] --END-- [ RunTime:0.001000s ]
INFO: [ view_parse ] --START--
INFO: [ template_filter ] --START--
INFO: Run Behavior\ContentReplaceBehavior [ RunTime:0.000000s ]
INFO: [ template_filter ] --END-- [ RunTime:0.001000s ]
INFO: Run Behavior\ParseTemplateBehavior [ RunTime:0.048003s ]
INFO: [ view_parse ] --END-- [ RunTime:0.048003s ]
INFO: [ view_filter ] --START--
INFO: Run Behavior\WriteHtmlCacheBehavior [ RunTime:0.000000s ]
INFO: [ view_filter ] --END-- [ RunTime:0.000000s ]
INFO: [ app_end ] --START--
INFO: Run Behavior\ShowPageTraceBehavior [ RunTime:0.000000s ]
INFO: [ app_end ] --END-- [ RunTime:0.000000s ]

[ 2015-12-05T15:22:51+08:00 ] 127.0.0.1 /index.php/login/va
INFO: [ app_init ] --START--
INFO: Run Behavior\BuildLiteBehavior [ RunTime:0.000000s ]
INFO: [ app_init ] --END-- [ RunTime:0.000000s ]
INFO: [ app_begin ] --START--
INFO: Run Behavior\ReadHtmlCacheBehavior [ RunTime:0.000000s ]
INFO: [ app_begin ] --END-- [ RunTime:0.001000s ]
SQL: SHOW COLUMNS FROM `usr` [ RunTime:0.1120s ]
NOTIC: [8] Use of undefined constant response - assumed 'response' D:\wamp\www\Application\Home\Controller\LoginController.class.php 第 27 行.
NOTIC: [8] Use of undefined constant status - assumed 'status' D:\wamp\www\Application\Home\Controller\LoginController.class.php 第 27 行.
SQL: SELECT * FROM `usr` WHERE `psw` = '123456' LIMIT 1   [ RunTime:0.0000s ]
NOTIC: [2] Missing argument 2 for createToken(), called in D:\wamp\www\Application\Home\Controller\LoginController.class.php on line 31 and defined D:\wamp\www\Application\Home\Common\function.php 第 88 行.
NOTIC: [8] Undefined variable: key D:\wamp\www\Application\Home\Common\function.php 第 89 行.
SQL: UPDATE `usr` SET `psw`='123456',`lastLogin`='2015-12-05 15:22:50',`lastIp`='127.0.0.1',`token`='U2IMOQcyUGYKPAQyBjRQaVE3VWtVZgcnUTRTbVNlBztUM1E4AG4Ne1UkUiACcFRyBTcEalA2U3cCJ1FqAT1WclNh',`grantTime`='2015-12-05 15:22:50' WHERE `psw` = '123456' [ RunTime:0.4640s ]
NOTIC: [8] Use of undefined constant response - assumed 'response' D:\wamp\www\Application\Home\Controller\LoginController.class.php 第 39 行.
NOTIC: [8] Use of undefined constant status - assumed 'status' D:\wamp\www\Application\Home\Controller\LoginController.class.php 第 39 行.
NOTIC: [8] Use of undefined constant token - assumed 'token' D:\wamp\www\Application\Home\Controller\LoginController.class.php 第 39 行.

[ 2015-12-05T15:22:51+08:00 ] 127.0.0.1 /index.php/login/logined
INFO: [ app_init ] --START--
INFO: Run Behavior\BuildLiteBehavior [ RunTime:0.000000s ]
INFO: [ app_init ] --END-- [ RunTime:0.000000s ]
INFO: [ app_begin ] --START--
INFO: Run Behavior\ReadHtmlCacheBehavior [ RunTime:0.000000s ]
INFO: [ app_begin ] --END-- [ RunTime:0.000000s ]
INFO: [ view_parse ] --START--
INFO: [ template_filter ] --START--
INFO: Run Behavior\ContentReplaceBehavior [ RunTime:0.000000s ]
INFO: [ template_filter ] --END-- [ RunTime:0.000000s ]
INFO: Run Behavior\ParseTemplateBehavior [ RunTime:0.178010s ]
INFO: [ view_parse ] --END-- [ RunTime:0.178010s ]
INFO: [ view_filter ] --START--
INFO: Run Behavior\WriteHtmlCacheBehavior [ RunTime:0.000000s ]
INFO: [ view_filter ] --END-- [ RunTime:0.000000s ]
INFO: [ app_end ] --START--
INFO: Run Behavior\ShowPageTraceBehavior [ RunTime:0.000000s ]
INFO: [ app_end ] --END-- [ RunTime:0.001000s ]

[ 2015-12-05T15:22:51+08:00 ] 127.0.0.1 /index.php/favicon.ico
INFO: [ app_init ] --START--
INFO: Run Behavior\BuildLiteBehavior [ RunTime:0.000000s ]
INFO: [ app_init ] --END-- [ RunTime:0.001000s ]

[ 2015-12-05T15:22:52+08:00 ] 127.0.0.1 /index.php/get/getUsrName
INFO: [ app_init ] --START--
INFO: Run Behavior\BuildLiteBehavior [ RunTime:0.000000s ]
INFO: [ app_init ] --END-- [ RunTime:0.001000s ]
INFO: [ app_begin ] --START--
INFO: Run Behavior\ReadHtmlCacheBehavior [ RunTime:0.001000s ]
INFO: [ app_begin ] --END-- [ RunTime:0.001000s ]
NOTIC: [2] Missing argument 2 for getTokenKey(), called in D:\wamp\www\Application\Home\Controller\GetController.class.php on line 19 and defined D:\wamp\www\Application\Home\Common\function.php 第 99 行.
NOTIC: [8] Undefined variable: key D:\wamp\www\Application\Home\Common\function.php 第 100 行.
SQL: SHOW COLUMNS FROM `usr` [ RunTime:0.0030s ]
NOTIC: [8] Use of undefined constant response - assumed 'response' D:\wamp\www\Application\Home\Controller\GetController.class.php 第 21 行.
NOTIC: [8] Use of undefined constant status - assumed 'status' D:\wamp\www\Application\Home\Controller\GetController.class.php 第 21 行.
NOTIC: [8] Undefined variable: usr_info D:\wamp\www\Application\Home\Controller\GetController.class.php 第 22 行.
SQL: SELECT * FROM `usr` LIMIT 1   [ RunTime:0.0000s ]
NOTIC: [8] Use of undefined constant response - assumed 'response' D:\wamp\www\Application\Home\Controller\GetController.class.php 第 24 行.
NOTIC: [8] Use of undefined constant status - assumed 'status' D:\wamp\www\Application\Home\Controller\GetController.class.php 第 24 行.
NOTIC: [8] Use of undefined constant name - assumed 'name' D:\wamp\www\Application\Home\Controller\GetController.class.php 第 24 行.

[ 2015-12-05T15:22:52+08:00 ] 127.0.0.1 /index.php/get/getOrderNumber
INFO: [ app_init ] --START--
INFO: Run Behavior\BuildLiteBehavior [ RunTime:0.000000s ]
INFO: [ app_init ] --END-- [ RunTime:0.001000s ]
INFO: [ app_begin ] --START--
INFO: Run Behavior\ReadHtmlCacheBehavior [ RunTime:0.001000s ]
INFO: [ app_begin ] --END-- [ RunTime:0.001000s ]
NOTIC: [2] Missing argument 2 for getTokenKey(), called in D:\wamp\www\Application\Home\Controller\GetController.class.php on line 39 and defined D:\wamp\www\Application\Home\Common\function.php 第 99 行.
NOTIC: [8] Undefined variable: key D:\wamp\www\Application\Home\Common\function.php 第 100 行.
SQL: SHOW COLUMNS FROM `orders` [ RunTime:0.3450s ]
SQL: SELECT * FROM `orders` WHERE `usrId` = 1325115 AND `haveSAR` = '0'  [ RunTime:0.0000s ]
SQL: SELECT `orderId`,`orderInfo`,`exportTime`,`postorId` FROM `orders` WHERE `usrId` = 1325115 AND `haveSAR` = '1'  [ RunTime:0.0000s ]
NOTIC: [8] Use of undefined constant response - assumed 'response' D:\wamp\www\Application\Home\Controller\GetController.class.php 第 45 行.
NOTIC: [8] Use of undefined constant status - assumed 'status' D:\wamp\www\Application\Home\Controller\GetController.class.php 第 45 行.
NOTIC: [8] Use of undefined constant checkedCount - assumed 'checkedCount' D:\wamp\www\Application\Home\Controller\GetController.class.php 第 45 行.
NOTIC: [8] Use of undefined constant uncheckedCount - assumed 'uncheckedCount' D:\wamp\www\Application\Home\Controller\GetController.class.php 第 45 行.

[ 2015-12-05T15:22:52+08:00 ] 127.0.0.1 /index.php/favicon.ico
INFO: [ app_init ] --START--
INFO: Run Behavior\BuildLiteBehavior [ RunTime:0.000000s ]
INFO: [ app_init ] --END-- [ RunTime:0.001000s ]

[ 2015-12-05T15:23:45+08:00 ] 127.0.0.1 /index.php/get/load?page=TurnChecked
INFO: [ app_init ] --START--
INFO: Run Behavior\BuildLiteBehavior [ RunTime:0.000000s ]
INFO: [ app_init ] --END-- [ RunTime:0.000000s ]
INFO: [ app_begin ] --START--
INFO: Run Behavior\ReadHtmlCacheBehavior [ RunTime:0.001000s ]
INFO: [ app_begin ] --END-- [ RunTime:0.001000s ]
INFO: [ view_parse ] --START--
INFO: [ template_filter ] --START--
INFO: Run Behavior\ContentReplaceBehavior [ RunTime:0.000000s ]
INFO: [ template_filter ] --END-- [ RunTime:0.001000s ]
INFO: Run Behavior\ParseTemplateBehavior [ RunTime:0.152009s ]
INFO: [ view_parse ] --END-- [ RunTime:0.153009s ]
INFO: [ view_filter ] --START--
INFO: Run Behavior\WriteHtmlCacheBehavior [ RunTime:0.000000s ]
INFO: [ view_filter ] --END-- [ RunTime:0.000000s ]
INFO: [ app_end ] --START--
INFO: Run Behavior\ShowPageTraceBehavior [ RunTime:0.001000s ]
INFO: [ app_end ] --END-- [ RunTime:0.001000s ]

[ 2015-12-05T15:23:45+08:00 ] 127.0.0.1 /index.php/get/load?page=TurnChecked
INFO: [ app_init ] --START--
INFO: Run Behavior\BuildLiteBehavior [ RunTime:0.000000s ]
INFO: [ app_init ] --END-- [ RunTime:0.000000s ]
INFO: [ app_begin ] --START--
INFO: Run Behavior\ReadHtmlCacheBehavior [ RunTime:0.001000s ]
INFO: [ app_begin ] --END-- [ RunTime:0.001000s ]
INFO: [ view_parse ] --START--
INFO: [ template_filter ] --START--
INFO: Run Behavior\ContentReplaceBehavior [ RunTime:0.000000s ]
INFO: [ template_filter ] --END-- [ RunTime:0.001000s ]
INFO: Run Behavior\ParseTemplateBehavior [ RunTime:0.007001s ]
INFO: [ view_parse ] --END-- [ RunTime:0.008001s ]
INFO: [ view_filter ] --START--
INFO: Run Behavior\WriteHtmlCacheBehavior [ RunTime:0.000000s ]
INFO: [ view_filter ] --END-- [ RunTime:0.000000s ]
INFO: [ app_end ] --START--
INFO: Run Behavior\ShowPageTraceBehavior [ RunTime:0.001000s ]
INFO: [ app_end ] --END-- [ RunTime:0.001000s ]

[ 2015-12-05T15:23:45+08:00 ] 127.0.0.1 /index.php/get/getChecked
INFO: [ app_init ] --START--
INFO: Run Behavior\BuildLiteBehavior [ RunTime:0.000000s ]
INFO: [ app_init ] --END-- [ RunTime:0.000000s ]
INFO: [ app_begin ] --START--
INFO: Run Behavior\ReadHtmlCacheBehavior [ RunTime:0.001000s ]
INFO: [ app_begin ] --END-- [ RunTime:0.001000s ]
NOTIC: [2] Missing argument 2 for getTokenKey(), called in D:\wamp\www\Application\Home\Controller\GetController.class.php on line 79 and defined D:\wamp\www\Application\Home\Common\function.php 第 99 行.
NOTIC: [8] Undefined variable: key D:\wamp\www\Application\Home\Common\function.php 第 100 行.
SQL: SHOW COLUMNS FROM `orders` [ RunTime:0.0030s ]
SQL: SELECT * FROM `orders` WHERE `usrId` = 1325115 AND `haveSAR` = '1'  [ RunTime:0.0000s ]
NOTIC: [8] Use of undefined constant response - assumed 'response' D:\wamp\www\Application\Home\Controller\GetController.class.php 第 83 行.
NOTIC: [8] Use of undefined constant status - assumed 'status' D:\wamp\www\Application\Home\Controller\GetController.class.php 第 83 行.
NOTIC: [8] Use of undefined constant orders - assumed 'orders' D:\wamp\www\Application\Home\Controller\GetController.class.php 第 83 行.

[ 2015-12-05T15:23:46+08:00 ] 127.0.0.1 /index.php/get/getChecked
INFO: [ app_init ] --START--
INFO: Run Behavior\BuildLiteBehavior [ RunTime:0.000000s ]
INFO: [ app_init ] --END-- [ RunTime:0.001000s ]
INFO: [ app_begin ] --START--
INFO: Run Behavior\ReadHtmlCacheBehavior [ RunTime:0.000000s ]
INFO: [ app_begin ] --END-- [ RunTime:0.001000s ]
NOTIC: [2] Missing argument 2 for getTokenKey(), called in D:\wamp\www\Application\Home\Controller\GetController.class.php on line 79 and defined D:\wamp\www\Application\Home\Common\function.php 第 99 行.
NOTIC: [8] Undefined variable: key D:\wamp\www\Application\Home\Common\function.php 第 100 行.
SQL: SHOW COLUMNS FROM `orders` [ RunTime:0.0030s ]
SQL: SELECT * FROM `orders` WHERE `usrId` = 1325115 AND `haveSAR` = '1'  [ RunTime:0.0000s ]
NOTIC: [8] Use of undefined constant response - assumed 'response' D:\wamp\www\Application\Home\Controller\GetController.class.php 第 83 行.
NOTIC: [8] Use of undefined constant status - assumed 'status' D:\wamp\www\Application\Home\Controller\GetController.class.php 第 83 行.
NOTIC: [8] Use of undefined constant orders - assumed 'orders' D:\wamp\www\Application\Home\Controller\GetController.class.php 第 83 行.

[ 2015-12-05T15:23:47+08:00 ] 127.0.0.1 /index.php/get/load?page=TurnUnchecked
INFO: [ app_init ] --START--
INFO: Run Behavior\BuildLiteBehavior [ RunTime:0.000000s ]
INFO: [ app_init ] --END-- [ RunTime:0.001001s ]
INFO: [ app_begin ] --START--
INFO: Run Behavior\ReadHtmlCacheBehavior [ RunTime:0.001000s ]
INFO: [ app_begin ] --END-- [ RunTime:0.001000s ]
INFO: [ view_parse ] --START--
INFO: [ template_filter ] --START--
INFO: Run Behavior\ContentReplaceBehavior [ RunTime:0.000000s ]
INFO: [ template_filter ] --END-- [ RunTime:0.000000s ]
INFO: Run Behavior\ParseTemplateBehavior [ RunTime:0.072004s ]
INFO: [ view_parse ] --END-- [ RunTime:0.072004s ]
INFO: [ view_filter ] --START--
INFO: Run Behavior\WriteHtmlCacheBehavior [ RunTime:0.001000s ]
INFO: [ view_filter ] --END-- [ RunTime:0.001000s ]
INFO: [ app_end ] --START--
INFO: Run Behavior\ShowPageTraceBehavior [ RunTime:0.001000s ]
INFO: [ app_end ] --END-- [ RunTime:0.001000s ]

[ 2015-12-05T15:23:47+08:00 ] 127.0.0.1 /index.php/get/getUnchecked
INFO: [ app_init ] --START--
INFO: Run Behavior\BuildLiteBehavior [ RunTime:0.000000s ]
INFO: [ app_init ] --END-- [ RunTime:0.000000s ]
INFO: [ app_begin ] --START--
INFO: Run Behavior\ReadHtmlCacheBehavior [ RunTime:0.000000s ]
INFO: [ app_begin ] --END-- [ RunTime:0.001000s ]
NOTIC: [2] Missing argument 2 for getTokenKey(), called in D:\wamp\www\Application\Home\Controller\GetController.class.php on line 60 and defined D:\wamp\www\Application\Home\Common\function.php 第 99 行.
NOTIC: [8] Undefined variable: key D:\wamp\www\Application\Home\Common\function.php 第 100 行.
SQL: SHOW COLUMNS FROM `orders` [ RunTime:0.0030s ]
SQL: SELECT `orderId`,`orderInfo`,`positionId`,`importTime`,`postorId` FROM `orders` WHERE `usrId` = 1325115 AND `haveSAR` = '0'  [ RunTime:0.0000s ]
NOTIC: [8] Use of undefined constant response - assumed 'response' D:\wamp\www\Application\Home\Controller\GetController.class.php 第 64 行.
NOTIC: [8] Use of undefined constant status - assumed 'status' D:\wamp\www\Application\Home\Controller\GetController.class.php 第 64 行.
NOTIC: [8] Use of undefined constant orders - assumed 'orders' D:\wamp\www\Application\Home\Controller\GetController.class.php 第 64 行.

[ 2015-12-05T15:23:57+08:00 ] 127.0.0.1 /index.php/get/load?page=TurnBin
INFO: [ app_init ] --START--
INFO: Run Behavior\BuildLiteBehavior [ RunTime:0.000000s ]
INFO: [ app_init ] --END-- [ RunTime:0.000000s ]
INFO: [ app_begin ] --START--
INFO: Run Behavior\ReadHtmlCacheBehavior [ RunTime:0.001000s ]
INFO: [ app_begin ] --END-- [ RunTime:0.001000s ]
INFO: [ view_parse ] --START--
INFO: [ template_filter ] --START--
INFO: Run Behavior\ContentReplaceBehavior [ RunTime:0.000000s ]
INFO: [ template_filter ] --END-- [ RunTime:0.000000s ]
INFO: Run Behavior\ParseTemplateBehavior [ RunTime:0.006000s ]
INFO: [ view_parse ] --END-- [ RunTime:0.006000s ]
INFO: [ view_filter ] --START--
INFO: Run Behavior\WriteHtmlCacheBehavior [ RunTime:0.000000s ]
INFO: [ view_filter ] --END-- [ RunTime:0.001000s ]
INFO: [ app_end ] --START--
INFO: Run Behavior\ShowPageTraceBehavior [ RunTime:0.001000s ]
INFO: [ app_end ] --END-- [ RunTime:0.001000s ]

[ 2015-12-05T15:23:57+08:00 ] 127.0.0.1 /index.php/get/load?page=TurnAll
INFO: [ app_init ] --START--
INFO: Run Behavior\BuildLiteBehavior [ RunTime:0.000000s ]
INFO: [ app_init ] --END-- [ RunTime:0.001000s ]
INFO: [ app_begin ] --START--
INFO: Run Behavior\ReadHtmlCacheBehavior [ RunTime:0.000000s ]
INFO: [ app_begin ] --END-- [ RunTime:0.000000s ]
INFO: [ view_parse ] --START--
INFO: [ template_filter ] --START--
INFO: Run Behavior\ContentReplaceBehavior [ RunTime:0.000000s ]
INFO: [ template_filter ] --END-- [ RunTime:0.000000s ]
INFO: Run Behavior\ParseTemplateBehavior [ RunTime:0.007001s ]
INFO: [ view_parse ] --END-- [ RunTime:0.007001s ]
INFO: [ view_filter ] --START--
INFO: Run Behavior\WriteHtmlCacheBehavior [ RunTime:0.000000s ]
INFO: [ view_filter ] --END-- [ RunTime:0.000000s ]
INFO: [ app_end ] --START--
INFO: Run Behavior\ShowPageTraceBehavior [ RunTime:0.000000s ]
INFO: [ app_end ] --END-- [ RunTime:0.000000s ]

[ 2015-12-05T15:23:58+08:00 ] 127.0.0.1 /index.php/get/load?page=TurnUnchecked
INFO: [ app_init ] --START--
INFO: Run Behavior\BuildLiteBehavior [ RunTime:0.000000s ]
INFO: [ app_init ] --END-- [ RunTime:0.000000s ]
INFO: [ app_begin ] --START--
INFO: Run Behavior\ReadHtmlCacheBehavior [ RunTime:0.000000s ]
INFO: [ app_begin ] --END-- [ RunTime:0.000000s ]
INFO: [ view_parse ] --START--
INFO: [ template_filter ] --START--
INFO: Run Behavior\ContentReplaceBehavior [ RunTime:0.000000s ]
INFO: [ template_filter ] --END-- [ RunTime:0.000000s ]
INFO: Run Behavior\ParseTemplateBehavior [ RunTime:0.007000s ]
INFO: [ view_parse ] --END-- [ RunTime:0.007000s ]
INFO: [ view_filter ] --START--
INFO: Run Behavior\WriteHtmlCacheBehavior [ RunTime:0.000000s ]
INFO: [ view_filter ] --END-- [ RunTime:0.000000s ]
INFO: [ app_end ] --START--
INFO: Run Behavior\ShowPageTraceBehavior [ RunTime:0.000000s ]
INFO: [ app_end ] --END-- [ RunTime:0.001000s ]

[ 2015-12-05T15:23:58+08:00 ] 127.0.0.1 /index.php/get/getUnchecked
INFO: [ app_init ] --START--
INFO: Run Behavior\BuildLiteBehavior [ RunTime:0.000000s ]
INFO: [ app_init ] --END-- [ RunTime:0.001000s ]
INFO: [ app_begin ] --START--
INFO: Run Behavior\ReadHtmlCacheBehavior [ RunTime:0.000000s ]
INFO: [ app_begin ] --END-- [ RunTime:0.000000s ]
NOTIC: [2] Missing argument 2 for getTokenKey(), called in D:\wamp\www\Application\Home\Controller\GetController.class.php on line 60 and defined D:\wamp\www\Application\Home\Common\function.php 第 99 行.
NOTIC: [8] Undefined variable: key D:\wamp\www\Application\Home\Common\function.php 第 100 行.
SQL: SHOW COLUMNS FROM `orders` [ RunTime:0.0030s ]
SQL: SELECT `orderId`,`orderInfo`,`positionId`,`importTime`,`postorId` FROM `orders` WHERE `usrId` = 1325115 AND `haveSAR` = '0'  [ RunTime:0.0010s ]
NOTIC: [8] Use of undefined constant response - assumed 'response' D:\wamp\www\Application\Home\Controller\GetController.class.php 第 64 行.
NOTIC: [8] Use of undefined constant status - assumed 'status' D:\wamp\www\Application\Home\Controller\GetController.class.php 第 64 行.
NOTIC: [8] Use of undefined constant orders - assumed 'orders' D:\wamp\www\Application\Home\Controller\GetController.class.php 第 64 行.

