[ 2015-12-08T15:58:58+08:00 ] 127.0.0.1 /
INFO: [ app_init ] --START--
INFO: Run Behavior\BuildLiteBehavior [ RunTime:0.000000s ]
INFO: [ app_init ] --END-- [ RunTime:0.240013s ]
INFO: [ app_begin ] --START--
INFO: Run Behavior\ReadHtmlCacheBehavior [ RunTime:0.031001s ]
INFO: [ app_begin ] --END-- [ RunTime:0.031001s ]
INFO: [ view_parse ] --START--
INFO: [ template_filter ] --START--
INFO: Run Behavior\ContentReplaceBehavior [ RunTime:0.000000s ]
INFO: [ template_filter ] --END-- [ RunTime:0.000000s ]
INFO: Run Behavior\ParseTemplateBehavior [ RunTime:0.461027s ]
INFO: [ view_parse ] --END-- [ RunTime:0.461027s ]
INFO: [ view_filter ] --START--
INFO: Run Behavior\WriteHtmlCacheBehavior [ RunTime:0.081004s ]
INFO: [ view_filter ] --END-- [ RunTime:0.082004s ]
INFO: [ app_end ] --START--
INFO: Run Behavior\ShowPageTraceBehavior [ RunTime:0.058004s ]
INFO: [ app_end ] --END-- [ RunTime:0.058004s ]

[ 2015-12-08T15:59:06+08:00 ] 127.0.0.1 /index.php/import/check
INFO: [ app_init ] --START--
INFO: Run Behavior\BuildLiteBehavior [ RunTime:0.000000s ]
INFO: [ app_init ] --END-- [ RunTime:0.001000s ]
INFO: [ app_begin ] --START--
INFO: Run Behavior\ReadHtmlCacheBehavior [ RunTime:0.001000s ]
INFO: [ app_begin ] --END-- [ RunTime:0.001000s ]
NOTIC: [8] Use of undefined constant check - assumed 'check' D:\wamp\www\Application\Home\Controller\ImportController.class.php 第 15 行.
INFO: [ view_parse ] --START--
INFO: [ template_filter ] --START--
INFO: Run Behavior\ContentReplaceBehavior [ RunTime:0.000000s ]
INFO: [ template_filter ] --END-- [ RunTime:0.000000s ]
INFO: Run Behavior\ParseTemplateBehavior [ RunTime:0.053003s ]
INFO: [ view_parse ] --END-- [ RunTime:0.054003s ]
INFO: [ view_filter ] --START--
INFO: Run Behavior\WriteHtmlCacheBehavior [ RunTime:0.000000s ]
INFO: [ view_filter ] --END-- [ RunTime:0.001000s ]
INFO: [ app_end ] --START--
INFO: Run Behavior\ShowPageTraceBehavior [ RunTime:0.001000s ]
INFO: [ app_end ] --END-- [ RunTime:0.001000s ]

[ 2015-12-08T15:59:14+08:00 ] 127.0.0.1 /index.php/import/getUncheckList
INFO: [ app_init ] --START--
INFO: Run Behavior\BuildLiteBehavior [ RunTime:0.000000s ]
INFO: [ app_init ] --END-- [ RunTime:0.000000s ]
INFO: [ app_begin ] --START--
INFO: Run Behavior\ReadHtmlCacheBehavior [ RunTime:0.001000s ]
INFO: [ app_begin ] --END-- [ RunTime:0.001000s ]
SQL: SHOW COLUMNS FROM `orders` [ RunTime:0.6160s ]
NOTIC: [8] Use of undefined constant response - assumed 'response' D:\wamp\www\Application\Home\Controller\ImportController.class.php 第 98 行.
NOTIC: [8] Use of undefined constant status - assumed 'status' D:\wamp\www\Application\Home\Controller\ImportController.class.php 第 98 行.
SQL: SELECT * FROM `orders` WHERE `usrId` = 1325115 AND `haveSAR` = 0  [ RunTime:0.4300s ]
NOTIC: [8] Use of undefined constant response - assumed 'response' D:\wamp\www\Application\Home\Controller\ImportController.class.php 第 103 行.
NOTIC: [8] Use of undefined constant status - assumed 'status' D:\wamp\www\Application\Home\Controller\ImportController.class.php 第 103 行.
NOTIC: [8] Use of undefined constant result - assumed 'result' D:\wamp\www\Application\Home\Controller\ImportController.class.php 第 103 行.

[ 2015-12-08T15:59:20+08:00 ] 127.0.0.1 /
INFO: [ app_init ] --START--
INFO: Run Behavior\BuildLiteBehavior [ RunTime:0.000000s ]
INFO: [ app_init ] --END-- [ RunTime:0.001000s ]
INFO: [ app_begin ] --START--
INFO: Run Behavior\ReadHtmlCacheBehavior [ RunTime:0.000000s ]
INFO: [ app_begin ] --END-- [ RunTime:0.000000s ]
INFO: [ view_parse ] --START--
INFO: [ template_filter ] --START--
INFO: Run Behavior\ContentReplaceBehavior [ RunTime:0.000000s ]
INFO: [ template_filter ] --END-- [ RunTime:0.000000s ]
INFO: Run Behavior\ParseTemplateBehavior [ RunTime:0.006000s ]
INFO: [ view_parse ] --END-- [ RunTime:0.007000s ]
INFO: [ view_filter ] --START--
INFO: Run Behavior\WriteHtmlCacheBehavior [ RunTime:0.000000s ]
INFO: [ view_filter ] --END-- [ RunTime:0.000000s ]
INFO: [ app_end ] --START--
INFO: Run Behavior\ShowPageTraceBehavior [ RunTime:0.000000s ]
INFO: [ app_end ] --END-- [ RunTime:0.000000s ]

[ 2015-12-08T15:59:29+08:00 ] 127.0.0.1 /index.php/import/checkList
INFO: [ app_init ] --START--
INFO: Run Behavior\BuildLiteBehavior [ RunTime:0.000000s ]
INFO: [ app_init ] --END-- [ RunTime:0.000000s ]
INFO: [ app_begin ] --START--
INFO: Run Behavior\ReadHtmlCacheBehavior [ RunTime:0.000000s ]
INFO: [ app_begin ] --END-- [ RunTime:0.001000s ]
SQL: SHOW COLUMNS FROM `orders` [ RunTime:0.0260s ]
NOTIC: [8] Use of undefined constant response - assumed 'response' D:\wamp\www\Application\Home\Controller\ImportController.class.php 第 117 行.
NOTIC: [8] Use of undefined constant status - assumed 'status' D:\wamp\www\Application\Home\Controller\ImportController.class.php 第 117 行.
SQL: UPDATE `orders` SET `haveSAR`='1',`exportTime`='2015-12-08 15:59:27' WHERE `orderId` IN ('1233322','12344124') [ RunTime:1.6771s ]
NOTIC: [8] Use of undefined constant response - assumed 'response' D:\wamp\www\Application\Home\Controller\ImportController.class.php 第 123 行.
NOTIC: [8] Use of undefined constant status - assumed 'status' D:\wamp\www\Application\Home\Controller\ImportController.class.php 第 123 行.

[ 2015-12-08T15:59:30+08:00 ] 127.0.0.1 /index.php/import/checkList
INFO: [ app_init ] --START--
INFO: Run Behavior\BuildLiteBehavior [ RunTime:0.000000s ]
INFO: [ app_init ] --END-- [ RunTime:0.000000s ]
INFO: [ app_begin ] --START--
INFO: Run Behavior\ReadHtmlCacheBehavior [ RunTime:0.001000s ]
INFO: [ app_begin ] --END-- [ RunTime:0.001000s ]
SQL: SHOW COLUMNS FROM `orders` [ RunTime:0.0050s ]
NOTIC: [8] Use of undefined constant response - assumed 'response' D:\wamp\www\Application\Home\Controller\ImportController.class.php 第 117 行.
NOTIC: [8] Use of undefined constant status - assumed 'status' D:\wamp\www\Application\Home\Controller\ImportController.class.php 第 117 行.
SQL: UPDATE `orders` SET `haveSAR`='1',`exportTime`='2015-12-08 15:59:29' WHERE `orderId` IN ('1233322','12344124') [ RunTime:0.2520s ]
NOTIC: [8] Use of undefined constant response - assumed 'response' D:\wamp\www\Application\Home\Controller\ImportController.class.php 第 123 行.
NOTIC: [8] Use of undefined constant status - assumed 'status' D:\wamp\www\Application\Home\Controller\ImportController.class.php 第 123 行.

[ 2015-12-08T15:59:30+08:00 ] 127.0.0.1 /index.php/import/check
INFO: [ app_init ] --START--
INFO: Run Behavior\BuildLiteBehavior [ RunTime:0.000000s ]
INFO: [ app_init ] --END-- [ RunTime:0.001000s ]
INFO: [ app_begin ] --START--
INFO: Run Behavior\ReadHtmlCacheBehavior [ RunTime:0.001000s ]
INFO: [ app_begin ] --END-- [ RunTime:0.001000s ]
NOTIC: [8] Use of undefined constant check - assumed 'check' D:\wamp\www\Application\Home\Controller\ImportController.class.php 第 15 行.
INFO: [ view_parse ] --START--
INFO: [ template_filter ] --START--
INFO: Run Behavior\ContentReplaceBehavior [ RunTime:0.000000s ]
INFO: [ template_filter ] --END-- [ RunTime:0.000000s ]
INFO: Run Behavior\ParseTemplateBehavior [ RunTime:0.007001s ]
INFO: [ view_parse ] --END-- [ RunTime:0.007001s ]
INFO: [ view_filter ] --START--
INFO: Run Behavior\WriteHtmlCacheBehavior [ RunTime:0.000000s ]
INFO: [ view_filter ] --END-- [ RunTime:0.000000s ]
INFO: [ app_end ] --START--
INFO: Run Behavior\ShowPageTraceBehavior [ RunTime:0.001000s ]
INFO: [ app_end ] --END-- [ RunTime:0.001000s ]

[ 2015-12-08T15:59:31+08:00 ] 127.0.0.1 /index.php/import/getUncheckList
INFO: [ app_init ] --START--
INFO: Run Behavior\BuildLiteBehavior [ RunTime:0.001000s ]
INFO: [ app_init ] --END-- [ RunTime:0.001000s ]
INFO: [ app_begin ] --START--
INFO: Run Behavior\ReadHtmlCacheBehavior [ RunTime:0.000000s ]
INFO: [ app_begin ] --END-- [ RunTime:0.000000s ]
SQL: SHOW COLUMNS FROM `orders` [ RunTime:0.0080s ]
NOTIC: [8] Use of undefined constant response - assumed 'response' D:\wamp\www\Application\Home\Controller\ImportController.class.php 第 98 行.
NOTIC: [8] Use of undefined constant status - assumed 'status' D:\wamp\www\Application\Home\Controller\ImportController.class.php 第 98 行.
SQL: SELECT * FROM `orders` WHERE `usrId` = 1325115 AND `haveSAR` = 0  [ RunTime:0.0000s ]
NOTIC: [8] Use of undefined constant response - assumed 'response' D:\wamp\www\Application\Home\Controller\ImportController.class.php 第 103 行.
NOTIC: [8] Use of undefined constant status - assumed 'status' D:\wamp\www\Application\Home\Controller\ImportController.class.php 第 103 行.
NOTIC: [8] Use of undefined constant result - assumed 'result' D:\wamp\www\Application\Home\Controller\ImportController.class.php 第 103 行.

[ 2015-12-08T15:59:40+08:00 ] 127.0.0.1 /index.php/mail/email
INFO: [ app_init ] --START--
INFO: Run Behavior\BuildLiteBehavior [ RunTime:0.000000s ]
INFO: [ app_init ] --END-- [ RunTime:0.001000s ]
INFO: [ app_begin ] --START--
INFO: Run Behavior\ReadHtmlCacheBehavior [ RunTime:0.001000s ]
INFO: [ app_begin ] --END-- [ RunTime:0.001000s ]
ERR: 非法操作:email

[ 2015-12-08T16:00:28+08:00 ] 127.0.0.1 /
INFO: [ app_init ] --START--
INFO: Run Behavior\BuildLiteBehavior [ RunTime:0.000000s ]
INFO: [ app_init ] --END-- [ RunTime:0.000000s ]
INFO: [ app_begin ] --START--
INFO: Run Behavior\ReadHtmlCacheBehavior [ RunTime:0.000000s ]
INFO: [ app_begin ] --END-- [ RunTime:0.000000s ]
INFO: [ view_parse ] --START--
INFO: [ template_filter ] --START--
INFO: Run Behavior\ContentReplaceBehavior [ RunTime:0.000000s ]
INFO: [ template_filter ] --END-- [ RunTime:0.000000s ]
INFO: Run Behavior\ParseTemplateBehavior [ RunTime:0.015600s ]
INFO: [ view_parse ] --END-- [ RunTime:0.015600s ]
INFO: [ view_filter ] --START--
INFO: Run Behavior\WriteHtmlCacheBehavior [ RunTime:0.000000s ]
INFO: [ view_filter ] --END-- [ RunTime:0.000000s ]
INFO: [ app_end ] --START--
INFO: Run Behavior\ShowPageTraceBehavior [ RunTime:0.000000s ]
INFO: [ app_end ] --END-- [ RunTime:0.000000s ]

[ 2015-12-08T16:00:31+08:00 ] 127.0.0.1 /index.php/login/login
INFO: [ app_init ] --START--
INFO: Run Behavior\BuildLiteBehavior [ RunTime:0.000000s ]
INFO: [ app_init ] --END-- [ RunTime:0.001000s ]
INFO: [ app_begin ] --START--
INFO: Run Behavior\ReadHtmlCacheBehavior [ RunTime:0.000000s ]
INFO: [ app_begin ] --END-- [ RunTime:0.000000s ]
INFO: [ view_parse ] --START--
INFO: [ template_filter ] --START--
INFO: Run Behavior\ContentReplaceBehavior [ RunTime:0.001000s ]
INFO: [ template_filter ] --END-- [ RunTime:0.001000s ]
INFO: Run Behavior\ParseTemplateBehavior [ RunTime:0.100006s ]
INFO: [ view_parse ] --END-- [ RunTime:0.100006s ]
INFO: [ view_filter ] --START--
INFO: Run Behavior\WriteHtmlCacheBehavior [ RunTime:0.001000s ]
INFO: [ view_filter ] --END-- [ RunTime:0.001000s ]
INFO: [ app_end ] --START--
INFO: Run Behavior\ShowPageTraceBehavior [ RunTime:0.001000s ]
INFO: [ app_end ] --END-- [ RunTime:0.001000s ]

[ 2015-12-08T16:00:40+08:00 ] 127.0.0.1 /
INFO: [ app_init ] --START--
INFO: Run Behavior\BuildLiteBehavior [ RunTime:0.000000s ]
INFO: [ app_init ] --END-- [ RunTime:0.001000s ]
INFO: [ app_begin ] --START--
INFO: Run Behavior\ReadHtmlCacheBehavior [ RunTime:0.000000s ]
INFO: [ app_begin ] --END-- [ RunTime:0.000000s ]
INFO: [ view_parse ] --START--
INFO: [ template_filter ] --START--
INFO: Run Behavior\ContentReplaceBehavior [ RunTime:0.000000s ]
INFO: [ template_filter ] --END-- [ RunTime:0.001000s ]
INFO: Run Behavior\ParseTemplateBehavior [ RunTime:0.007000s ]
INFO: [ view_parse ] --END-- [ RunTime:0.008000s ]
INFO: [ view_filter ] --START--
INFO: Run Behavior\WriteHtmlCacheBehavior [ RunTime:0.000000s ]
INFO: [ view_filter ] --END-- [ RunTime:0.000000s ]
INFO: [ app_end ] --START--
INFO: Run Behavior\ShowPageTraceBehavior [ RunTime:0.001000s ]
INFO: [ app_end ] --END-- [ RunTime:0.001000s ]

[ 2015-12-08T16:00:41+08:00 ] 127.0.0.1 /index.php/import/check
INFO: [ app_init ] --START--
INFO: Run Behavior\BuildLiteBehavior [ RunTime:0.000000s ]
INFO: [ app_init ] --END-- [ RunTime:0.001000s ]
INFO: [ app_begin ] --START--
INFO: Run Behavior\ReadHtmlCacheBehavior [ RunTime:0.001000s ]
INFO: [ app_begin ] --END-- [ RunTime:0.001000s ]
NOTIC: [8] Use of undefined constant check - assumed 'check' D:\wamp\www\Application\Home\Controller\ImportController.class.php 第 15 行.
INFO: [ view_parse ] --START--
INFO: [ template_filter ] --START--
INFO: Run Behavior\ContentReplaceBehavior [ RunTime:0.000000s ]
INFO: [ template_filter ] --END-- [ RunTime:0.000000s ]
INFO: Run Behavior\ParseTemplateBehavior [ RunTime:0.007001s ]
INFO: [ view_parse ] --END-- [ RunTime:0.008001s ]
INFO: [ view_filter ] --START--
INFO: Run Behavior\WriteHtmlCacheBehavior [ RunTime:0.001000s ]
INFO: [ view_filter ] --END-- [ RunTime:0.001000s ]
INFO: [ app_end ] --START--
INFO: Run Behavior\ShowPageTraceBehavior [ RunTime:0.001000s ]
INFO: [ app_end ] --END-- [ RunTime:0.001000s ]

[ 2015-12-08T16:00:45+08:00 ] 127.0.0.1 /index.php/import/getUncheckList
INFO: [ app_init ] --START--
INFO: Run Behavior\BuildLiteBehavior [ RunTime:0.000000s ]
INFO: [ app_init ] --END-- [ RunTime:0.001000s ]
INFO: [ app_begin ] --START--
INFO: Run Behavior\ReadHtmlCacheBehavior [ RunTime:0.001000s ]
INFO: [ app_begin ] --END-- [ RunTime:0.001000s ]
SQL: SHOW COLUMNS FROM `orders` [ RunTime:0.0040s ]
NOTIC: [8] Use of undefined constant response - assumed 'response' D:\wamp\www\Application\Home\Controller\ImportController.class.php 第 98 行.
NOTIC: [8] Use of undefined constant status - assumed 'status' D:\wamp\www\Application\Home\Controller\ImportController.class.php 第 98 行.
SQL: SELECT * FROM `orders` WHERE `usrId` = 1325115 AND `haveSAR` = 0  [ RunTime:0.0010s ]
NOTIC: [8] Use of undefined constant response - assumed 'response' D:\wamp\www\Application\Home\Controller\ImportController.class.php 第 103 行.
NOTIC: [8] Use of undefined constant status - assumed 'status' D:\wamp\www\Application\Home\Controller\ImportController.class.php 第 103 行.
NOTIC: [8] Use of undefined constant result - assumed 'result' D:\wamp\www\Application\Home\Controller\ImportController.class.php 第 103 行.

[ 2015-12-08T16:00:52+08:00 ] 127.0.0.1 /index.php/import/check
INFO: [ app_init ] --START--
INFO: Run Behavior\BuildLiteBehavior [ RunTime:0.000000s ]
INFO: [ app_init ] --END-- [ RunTime:0.001000s ]
INFO: [ app_begin ] --START--
INFO: Run Behavior\ReadHtmlCacheBehavior [ RunTime:0.001000s ]
INFO: [ app_begin ] --END-- [ RunTime:0.001000s ]
NOTIC: [8] Use of undefined constant check - assumed 'check' D:\wamp\www\Application\Home\Controller\ImportController.class.php 第 15 行.
INFO: [ view_parse ] --START--
INFO: [ template_filter ] --START--
INFO: Run Behavior\ContentReplaceBehavior [ RunTime:0.000000s ]
INFO: [ template_filter ] --END-- [ RunTime:0.000000s ]
INFO: Run Behavior\ParseTemplateBehavior [ RunTime:0.007000s ]
INFO: [ view_parse ] --END-- [ RunTime:0.007000s ]
INFO: [ view_filter ] --START--
INFO: Run Behavior\WriteHtmlCacheBehavior [ RunTime:0.001001s ]
INFO: [ view_filter ] --END-- [ RunTime:0.001001s ]
INFO: [ app_end ] --START--
INFO: Run Behavior\ShowPageTraceBehavior [ RunTime:0.001000s ]
INFO: [ app_end ] --END-- [ RunTime:0.001000s ]

[ 2015-12-08T16:00:55+08:00 ] 127.0.0.1 /index.php/import/getUncheckList
INFO: [ app_init ] --START--
INFO: Run Behavior\BuildLiteBehavior [ RunTime:0.001000s ]
INFO: [ app_init ] --END-- [ RunTime:0.001000s ]
INFO: [ app_begin ] --START--
INFO: Run Behavior\ReadHtmlCacheBehavior [ RunTime:0.000000s ]
INFO: [ app_begin ] --END-- [ RunTime:0.000000s ]
SQL: SHOW COLUMNS FROM `orders` [ RunTime:0.0030s ]
NOTIC: [8] Use of undefined constant response - assumed 'response' D:\wamp\www\Application\Home\Controller\ImportController.class.php 第 98 行.
NOTIC: [8] Use of undefined constant status - assumed 'status' D:\wamp\www\Application\Home\Controller\ImportController.class.php 第 98 行.
SQL: SELECT * FROM `orders` WHERE `usrId` = 1325115 AND `haveSAR` = 0  [ RunTime:0.0000s ]
NOTIC: [8] Use of undefined constant response - assumed 'response' D:\wamp\www\Application\Home\Controller\ImportController.class.php 第 103 行.
NOTIC: [8] Use of undefined constant status - assumed 'status' D:\wamp\www\Application\Home\Controller\ImportController.class.php 第 103 行.
NOTIC: [8] Use of undefined constant result - assumed 'result' D:\wamp\www\Application\Home\Controller\ImportController.class.php 第 103 行.

[ 2015-12-08T16:01:25+08:00 ] 127.0.0.1 /index.php/import/check
INFO: [ app_init ] --START--
INFO: Run Behavior\BuildLiteBehavior [ RunTime:0.000000s ]
INFO: [ app_init ] --END-- [ RunTime:0.001000s ]
INFO: [ app_begin ] --START--
INFO: Run Behavior\ReadHtmlCacheBehavior [ RunTime:0.001000s ]
INFO: [ app_begin ] --END-- [ RunTime:0.001000s ]
NOTIC: [8] Use of undefined constant check - assumed 'check' D:\wamp\www\Application\Home\Controller\ImportController.class.php 第 15 行.
INFO: [ view_parse ] --START--
INFO: [ template_filter ] --START--
INFO: Run Behavior\ContentReplaceBehavior [ RunTime:0.000000s ]
INFO: [ template_filter ] --END-- [ RunTime:0.001000s ]
INFO: Run Behavior\ParseTemplateBehavior [ RunTime:0.008000s ]
INFO: [ view_parse ] --END-- [ RunTime:0.008000s ]
INFO: [ view_filter ] --START--
INFO: Run Behavior\WriteHtmlCacheBehavior [ RunTime:0.000000s ]
INFO: [ view_filter ] --END-- [ RunTime:0.000000s ]
INFO: [ app_end ] --START--
INFO: Run Behavior\ShowPageTraceBehavior [ RunTime:0.000000s ]
INFO: [ app_end ] --END-- [ RunTime:0.001000s ]

[ 2015-12-08T16:01:26+08:00 ] 127.0.0.1 /index.php/import/getUncheckList
INFO: [ app_init ] --START--
INFO: Run Behavior\BuildLiteBehavior [ RunTime:0.000000s ]
INFO: [ app_init ] --END-- [ RunTime:0.000000s ]
INFO: [ app_begin ] --START--
INFO: Run Behavior\ReadHtmlCacheBehavior [ RunTime:0.000000s ]
INFO: [ app_begin ] --END-- [ RunTime:0.000000s ]
SQL: SHOW COLUMNS FROM `orders` [ RunTime:0.0040s ]
NOTIC: [8] Use of undefined constant response - assumed 'response' D:\wamp\www\Application\Home\Controller\ImportController.class.php 第 98 行.
NOTIC: [8] Use of undefined constant status - assumed 'status' D:\wamp\www\Application\Home\Controller\ImportController.class.php 第 98 行.
SQL: SELECT * FROM `orders` WHERE `usrId` = 1325115 AND `haveSAR` = 0  [ RunTime:0.0010s ]
NOTIC: [8] Use of undefined constant response - assumed 'response' D:\wamp\www\Application\Home\Controller\ImportController.class.php 第 103 行.
NOTIC: [8] Use of undefined constant status - assumed 'status' D:\wamp\www\Application\Home\Controller\ImportController.class.php 第 103 行.
NOTIC: [8] Use of undefined constant result - assumed 'result' D:\wamp\www\Application\Home\Controller\ImportController.class.php 第 103 行.

[ 2015-12-08T16:01:37+08:00 ] 127.0.0.1 /index.php/import/checkList
INFO: [ app_init ] --START--
INFO: Run Behavior\BuildLiteBehavior [ RunTime:0.000000s ]
INFO: [ app_init ] --END-- [ RunTime:0.001000s ]
INFO: [ app_begin ] --START--
INFO: Run Behavior\ReadHtmlCacheBehavior [ RunTime:0.000000s ]
INFO: [ app_begin ] --END-- [ RunTime:0.000000s ]
SQL: SHOW COLUMNS FROM `orders` [ RunTime:0.0150s ]
NOTIC: [8] Use of undefined constant response - assumed 'response' D:\wamp\www\Application\Home\Controller\ImportController.class.php 第 117 行.
NOTIC: [8] Use of undefined constant status - assumed 'status' D:\wamp\www\Application\Home\Controller\ImportController.class.php 第 117 行.
SQL: UPDATE `orders` SET `haveSAR`='1',`exportTime`='2015-12-08 16:01:36' WHERE `orderId` IN ('22313') [ RunTime:0.7060s ]
NOTIC: [8] Use of undefined constant response - assumed 'response' D:\wamp\www\Application\Home\Controller\ImportController.class.php 第 123 行.
NOTIC: [8] Use of undefined constant status - assumed 'status' D:\wamp\www\Application\Home\Controller\ImportController.class.php 第 123 行.

[ 2015-12-08T16:01:37+08:00 ] 127.0.0.1 /index.php/import/check
INFO: [ app_init ] --START--
INFO: Run Behavior\BuildLiteBehavior [ RunTime:0.000000s ]
INFO: [ app_init ] --END-- [ RunTime:0.001000s ]
INFO: [ app_begin ] --START--
INFO: Run Behavior\ReadHtmlCacheBehavior [ RunTime:0.001000s ]
INFO: [ app_begin ] --END-- [ RunTime:0.001000s ]
NOTIC: [8] Use of undefined constant check - assumed 'check' D:\wamp\www\Application\Home\Controller\ImportController.class.php 第 15 行.
INFO: [ view_parse ] --START--
INFO: [ template_filter ] --START--
INFO: Run Behavior\ContentReplaceBehavior [ RunTime:0.000000s ]
INFO: [ template_filter ] --END-- [ RunTime:0.000000s ]
INFO: Run Behavior\ParseTemplateBehavior [ RunTime:0.007001s ]
INFO: [ view_parse ] --END-- [ RunTime:0.008001s ]
INFO: [ view_filter ] --START--
INFO: Run Behavior\WriteHtmlCacheBehavior [ RunTime:0.000000s ]
INFO: [ view_filter ] --END-- [ RunTime:0.000000s ]
INFO: [ app_end ] --START--
INFO: Run Behavior\ShowPageTraceBehavior [ RunTime:0.000000s ]
INFO: [ app_end ] --END-- [ RunTime:0.000000s ]

[ 2015-12-08T16:01:37+08:00 ] 127.0.0.1 /index.php/import/getUncheckList
INFO: [ app_init ] --START--
INFO: Run Behavior\BuildLiteBehavior [ RunTime:0.000000s ]
INFO: [ app_init ] --END-- [ RunTime:0.001000s ]
INFO: [ app_begin ] --START--
INFO: Run Behavior\ReadHtmlCacheBehavior [ RunTime:0.001000s ]
INFO: [ app_begin ] --END-- [ RunTime:0.001000s ]
SQL: SHOW COLUMNS FROM `orders` [ RunTime:0.0060s ]
NOTIC: [8] Use of undefined constant response - assumed 'response' D:\wamp\www\Application\Home\Controller\ImportController.class.php 第 98 行.
NOTIC: [8] Use of undefined constant status - assumed 'status' D:\wamp\www\Application\Home\Controller\ImportController.class.php 第 98 行.
SQL: SELECT * FROM `orders` WHERE `usrId` = 1325115 AND `haveSAR` = 0  [ RunTime:0.0000s ]
NOTIC: [8] Use of undefined constant response - assumed 'response' D:\wamp\www\Application\Home\Controller\ImportController.class.php 第 103 行.
NOTIC: [8] Use of undefined constant status - assumed 'status' D:\wamp\www\Application\Home\Controller\ImportController.class.php 第 103 行.
NOTIC: [8] Use of undefined constant result - assumed 'result' D:\wamp\www\Application\Home\Controller\ImportController.class.php 第 103 行.

[ 2015-12-08T16:08:11+08:00 ] 127.0.0.1 /index.php/import/getUncheckList
INFO: [ app_init ] --START--
INFO: Run Behavior\BuildLiteBehavior [ RunTime:0.000000s ]
INFO: [ app_init ] --END-- [ RunTime:0.000000s ]
INFO: [ app_begin ] --START--
INFO: Run Behavior\ReadHtmlCacheBehavior [ RunTime:0.000000s ]
INFO: [ app_begin ] --END-- [ RunTime:0.000000s ]
SQL: SHOW COLUMNS FROM `orders` [ RunTime:0.0000s ]
NOTIC: [8] Use of undefined constant response - assumed 'response' D:\wamp\www\Application\Home\Controller\ImportController.class.php 第 98 行.
NOTIC: [8] Use of undefined constant status - assumed 'status' D:\wamp\www\Application\Home\Controller\ImportController.class.php 第 98 行.
SQL: SELECT * FROM `orders` WHERE `usrId` = 1325115 AND `haveSAR` = 0  [ RunTime:0.0156s ]
NOTIC: [8] Use of undefined constant response - assumed 'response' D:\wamp\www\Application\Home\Controller\ImportController.class.php 第 103 行.
NOTIC: [8] Use of undefined constant status - assumed 'status' D:\wamp\www\Application\Home\Controller\ImportController.class.php 第 103 行.
NOTIC: [8] Use of undefined constant result - assumed 'result' D:\wamp\www\Application\Home\Controller\ImportController.class.php 第 103 行.

