[ 2015-11-18T13:06:17+08:00 ] 127.0.0.1 /index.php/login
INFO: [ app_init ] --START--
INFO: Run Behavior\BuildLiteBehavior [ RunTime:0.000000s ]
INFO: [ app_init ] --END-- [ RunTime:0.000000s ]
INFO: [ app_begin ] --START--
INFO: Run Behavior\ReadHtmlCacheBehavior [ RunTime:0.001000s ]
INFO: [ app_begin ] --END-- [ RunTime:0.002000s ]
INFO: [ view_parse ] --START--
INFO: [ template_filter ] --START--
INFO: Run Behavior\ContentReplaceBehavior [ RunTime:0.000000s ]
INFO: [ template_filter ] --END-- [ RunTime:0.000000s ]
INFO: Run Behavior\ParseTemplateBehavior [ RunTime:0.042002s ]
INFO: [ view_parse ] --END-- [ RunTime:0.043002s ]
INFO: [ view_filter ] --START--
INFO: Run Behavior\WriteHtmlCacheBehavior [ RunTime:0.001000s ]
INFO: [ view_filter ] --END-- [ RunTime:0.001000s ]
INFO: [ app_end ] --START--
INFO: Run Behavior\ShowPageTraceBehavior [ RunTime:0.001000s ]
INFO: [ app_end ] --END-- [ RunTime:0.001000s ]

[ 2015-11-18T13:06:24+08:00 ] 127.0.0.1 /index.php/login/va
INFO: [ app_init ] --START--
INFO: Run Behavior\BuildLiteBehavior [ RunTime:0.000000s ]
INFO: [ app_init ] --END-- [ RunTime:0.002000s ]
INFO: [ app_begin ] --START--
INFO: Run Behavior\ReadHtmlCacheBehavior [ RunTime:0.002000s ]
INFO: [ app_begin ] --END-- [ RunTime:0.002000s ]
ERR: 非法操作:va

[ 2015-11-18T13:06:40+08:00 ] 127.0.0.1 /index.php/login/va
INFO: [ app_init ] --START--
INFO: Run Behavior\BuildLiteBehavior [ RunTime:0.000000s ]
INFO: [ app_init ] --END-- [ RunTime:0.001000s ]
INFO: [ app_begin ] --START--
INFO: Run Behavior\ReadHtmlCacheBehavior [ RunTime:0.002000s ]
INFO: [ app_begin ] --END-- [ RunTime:0.002000s ]
NOTIC: [8] Undefined index: usrid D:\wamp\www\Application\Home\Controller\LoginController.class.php 第 18 行.
NOTIC: [8] Undefined index: psw D:\wamp\www\Application\Home\Controller\LoginController.class.php 第 19 行.
SQL: SHOW COLUMNS FROM `usr` [ RunTime:0.0610s ]
NOTIC: [8] Use of undefined constant response - assumed 'response' D:\wamp\www\Application\Home\Controller\LoginController.class.php 第 23 行.
NOTIC: [8] Use of undefined constant status - assumed 'status' D:\wamp\www\Application\Home\Controller\LoginController.class.php 第 23 行.

[ 2015-11-18T13:07:20+08:00 ] 127.0.0.1 /index.php/login/va
INFO: [ app_init ] --START--
INFO: Run Behavior\BuildLiteBehavior [ RunTime:0.000000s ]
INFO: [ app_init ] --END-- [ RunTime:0.000000s ]
INFO: [ app_begin ] --START--
INFO: Run Behavior\ReadHtmlCacheBehavior [ RunTime:0.000000s ]
INFO: [ app_begin ] --END-- [ RunTime:0.000000s ]
NOTIC: [8] Undefined index: usrid D:\wamp\www\Application\Home\Controller\LoginController.class.php 第 18 行.
NOTIC: [8] Undefined index: psw D:\wamp\www\Application\Home\Controller\LoginController.class.php 第 19 行.
SQL: SHOW COLUMNS FROM `usr` [ RunTime:0.0000s ]
NOTIC: [8] Use of undefined constant response - assumed 'response' D:\wamp\www\Application\Home\Controller\LoginController.class.php 第 23 行.
NOTIC: [8] Use of undefined constant status - assumed 'status' D:\wamp\www\Application\Home\Controller\LoginController.class.php 第 23 行.
SQL: SELECT * FROM `usr` WHERE `id` = null AND `psw` = null LIMIT 1   [ RunTime:0.0000s ]
NOTIC: [8] Undefined variable: map D:\wamp\www\Application\Home\Controller\LoginController.class.php 第 26 行.
NOTIC: [8] Use of undefined constant response - assumed 'response' D:\wamp\www\Application\Home\Controller\LoginController.class.php 第 27 行.
NOTIC: [8] Use of undefined constant status - assumed 'status' D:\wamp\www\Application\Home\Controller\LoginController.class.php 第 27 行.
NOTIC: [8] Use of undefined constant token - assumed 'token' D:\wamp\www\Application\Home\Controller\LoginController.class.php 第 27 行.

[ 2015-11-18T13:08:01+08:00 ] 127.0.0.1 /index.php/login/va
INFO: [ app_init ] --START--
INFO: Run Behavior\BuildLiteBehavior [ RunTime:0.000000s ]
INFO: [ app_init ] --END-- [ RunTime:0.000000s ]
INFO: [ app_begin ] --START--
INFO: Run Behavior\ReadHtmlCacheBehavior [ RunTime:0.000000s ]
INFO: [ app_begin ] --END-- [ RunTime:0.000000s ]
NOTIC: [8] Undefined index: usrid D:\wamp\www\Application\Home\Controller\LoginController.class.php 第 18 行.
NOTIC: [8] Undefined index: psw D:\wamp\www\Application\Home\Controller\LoginController.class.php 第 19 行.
SQL: SHOW COLUMNS FROM `usr` [ RunTime:0.0000s ]
NOTIC: [8] Use of undefined constant response - assumed 'response' D:\wamp\www\Application\Home\Controller\LoginController.class.php 第 23 行.
NOTIC: [8] Use of undefined constant status - assumed 'status' D:\wamp\www\Application\Home\Controller\LoginController.class.php 第 23 行.
SQL: SELECT * FROM `usr` WHERE `id` = null AND `psw` = null LIMIT 1   [ RunTime:0.0000s ]
NOTIC: [8] Use of undefined constant response - assumed 'response' D:\wamp\www\Application\Home\Controller\LoginController.class.php 第 29 行.
NOTIC: [8] Use of undefined constant status - assumed 'status' D:\wamp\www\Application\Home\Controller\LoginController.class.php 第 29 行.

[ 2015-11-18T13:09:08+08:00 ] 127.0.0.1 /index.php/login/va
INFO: [ app_init ] --START--
INFO: Run Behavior\BuildLiteBehavior [ RunTime:0.000000s ]
INFO: [ app_init ] --END-- [ RunTime:0.000000s ]
INFO: [ app_begin ] --START--
INFO: Run Behavior\ReadHtmlCacheBehavior [ RunTime:0.010000s ]
INFO: [ app_begin ] --END-- [ RunTime:0.010000s ]
NOTIC: [8] Undefined index: usrid D:\wamp\www\Application\Home\Controller\LoginController.class.php 第 18 行.
NOTIC: [8] Undefined index: psw D:\wamp\www\Application\Home\Controller\LoginController.class.php 第 19 行.
SQL: SHOW COLUMNS FROM `usr` [ RunTime:0.0000s ]
NOTIC: [8] Use of undefined constant response - assumed 'response' D:\wamp\www\Application\Home\Controller\LoginController.class.php 第 23 行.
NOTIC: [8] Use of undefined constant status - assumed 'status' D:\wamp\www\Application\Home\Controller\LoginController.class.php 第 23 行.
SQL: SELECT * FROM `usr` WHERE `id` = null AND `psw` = null LIMIT 1   [ RunTime:0.0000s ]
NOTIC: [8] Use of undefined constant response - assumed 'response' D:\wamp\www\Application\Home\Controller\LoginController.class.php 第 29 行.
NOTIC: [8] Use of undefined constant status - assumed 'status' D:\wamp\www\Application\Home\Controller\LoginController.class.php 第 29 行.

[ 2015-11-18T13:09:16+08:00 ] 127.0.0.1 /index.php/login/va
INFO: [ app_init ] --START--
INFO: Run Behavior\BuildLiteBehavior [ RunTime:0.000000s ]
INFO: [ app_init ] --END-- [ RunTime:0.000000s ]
INFO: [ app_begin ] --START--
INFO: Run Behavior\ReadHtmlCacheBehavior [ RunTime:0.010000s ]
INFO: [ app_begin ] --END-- [ RunTime:0.010000s ]
NOTIC: [8] Undefined index: usrid D:\wamp\www\Application\Home\Controller\LoginController.class.php 第 18 行.
NOTIC: [8] Undefined index: psw D:\wamp\www\Application\Home\Controller\LoginController.class.php 第 19 行.
SQL: SHOW COLUMNS FROM `usr` [ RunTime:0.0000s ]
NOTIC: [8] Use of undefined constant response - assumed 'response' D:\wamp\www\Application\Home\Controller\LoginController.class.php 第 23 行.
NOTIC: [8] Use of undefined constant status - assumed 'status' D:\wamp\www\Application\Home\Controller\LoginController.class.php 第 23 行.
SQL: SELECT * FROM `usr` WHERE `id` = null AND `psw` = null LIMIT 1   [ RunTime:0.0000s ]
NOTIC: [8] Use of undefined constant response - assumed 'response' D:\wamp\www\Application\Home\Controller\LoginController.class.php 第 29 行.
NOTIC: [8] Use of undefined constant status - assumed 'status' D:\wamp\www\Application\Home\Controller\LoginController.class.php 第 29 行.

[ 2015-11-18T13:09:18+08:00 ] 127.0.0.1 /index.php/login/va
INFO: [ app_init ] --START--
INFO: Run Behavior\BuildLiteBehavior [ RunTime:0.000000s ]
INFO: [ app_init ] --END-- [ RunTime:0.010000s ]
INFO: [ app_begin ] --START--
INFO: Run Behavior\ReadHtmlCacheBehavior [ RunTime:0.000000s ]
INFO: [ app_begin ] --END-- [ RunTime:0.000000s ]
NOTIC: [8] Undefined index: usrid D:\wamp\www\Application\Home\Controller\LoginController.class.php 第 18 行.
NOTIC: [8] Undefined index: psw D:\wamp\www\Application\Home\Controller\LoginController.class.php 第 19 行.
SQL: SHOW COLUMNS FROM `usr` [ RunTime:0.0000s ]
NOTIC: [8] Use of undefined constant response - assumed 'response' D:\wamp\www\Application\Home\Controller\LoginController.class.php 第 23 行.
NOTIC: [8] Use of undefined constant status - assumed 'status' D:\wamp\www\Application\Home\Controller\LoginController.class.php 第 23 行.
SQL: SELECT * FROM `usr` WHERE `id` = null AND `psw` = null LIMIT 1   [ RunTime:0.0000s ]
NOTIC: [8] Use of undefined constant response - assumed 'response' D:\wamp\www\Application\Home\Controller\LoginController.class.php 第 29 行.
NOTIC: [8] Use of undefined constant status - assumed 'status' D:\wamp\www\Application\Home\Controller\LoginController.class.php 第 29 行.

[ 2015-11-18T13:35:09+08:00 ] 127.0.0.1 /index.php/import/va?orderId=111
INFO: [ app_init ] --START--
INFO: Run Behavior\BuildLiteBehavior [ RunTime:0.000000s ]
INFO: [ app_init ] --END-- [ RunTime:0.001000s ]
INFO: [ app_begin ] --START--
INFO: Run Behavior\ReadHtmlCacheBehavior [ RunTime:0.002000s ]
INFO: [ app_begin ] --END-- [ RunTime:0.002000s ]
ERR: Think\Controller:_post方法不存在！

[ 2015-11-18T13:36:36+08:00 ] 127.0.0.1 /index.php/import/getOrder?orderId=111
INFO: [ app_init ] --START--
INFO: Run Behavior\BuildLiteBehavior [ RunTime:0.000000s ]
INFO: [ app_init ] --END-- [ RunTime:0.001000s ]
INFO: [ app_begin ] --START--
INFO: Run Behavior\ReadHtmlCacheBehavior [ RunTime:0.001000s ]
INFO: [ app_begin ] --END-- [ RunTime:0.002000s ]
ERR: Think\Controller:_get方法不存在！

[ 2015-11-18T13:40:12+08:00 ] 127.0.0.1 /index.php/import/getOrder?orderId=111
INFO: [ app_init ] --START--
INFO: Run Behavior\BuildLiteBehavior [ RunTime:0.000000s ]
INFO: [ app_init ] --END-- [ RunTime:0.000000s ]
INFO: [ app_begin ] --START--
INFO: Run Behavior\ReadHtmlCacheBehavior [ RunTime:0.000000s ]
INFO: [ app_begin ] --END-- [ RunTime:0.000000s ]
ERR: Think\Controller:_get方法不存在！

[ 2015-11-18T13:40:12+08:00 ] 127.0.0.1 /index.php/import/getOrder?orderId=111
INFO: [ app_init ] --START--
INFO: Run Behavior\BuildLiteBehavior [ RunTime:0.000000s ]
INFO: [ app_init ] --END-- [ RunTime:0.000000s ]
INFO: [ app_begin ] --START--
INFO: Run Behavior\ReadHtmlCacheBehavior [ RunTime:0.000000s ]
INFO: [ app_begin ] --END-- [ RunTime:0.000000s ]
ERR: Think\Controller:_get方法不存在！

[ 2015-11-18T13:40:14+08:00 ] 127.0.0.1 /index.php/import/getOrder?orderId=111
INFO: [ app_init ] --START--
INFO: Run Behavior\BuildLiteBehavior [ RunTime:0.000000s ]
INFO: [ app_init ] --END-- [ RunTime:0.000000s ]
INFO: [ app_begin ] --START--
INFO: Run Behavior\ReadHtmlCacheBehavior [ RunTime:0.000000s ]
INFO: [ app_begin ] --END-- [ RunTime:0.000000s ]
ERR: Think\Controller:_get方法不存在！

[ 2015-11-18T13:47:31+08:00 ] 127.0.0.1 /index.php/import/getOrder?orderId=111
INFO: [ app_init ] --START--
INFO: Run Behavior\BuildLiteBehavior [ RunTime:0.000000s ]
INFO: [ app_init ] --END-- [ RunTime:0.000000s ]
INFO: [ app_begin ] --START--
INFO: Run Behavior\ReadHtmlCacheBehavior [ RunTime:0.000000s ]
INFO: [ app_begin ] --END-- [ RunTime:0.000000s ]

[ 2015-11-18T13:47:59+08:00 ] 127.0.0.1 /index.php/import/getOrder?orderId=111
INFO: [ app_init ] --START--
INFO: Run Behavior\BuildLiteBehavior [ RunTime:0.000000s ]
INFO: [ app_init ] --END-- [ RunTime:0.000000s ]
INFO: [ app_begin ] --START--
INFO: Run Behavior\ReadHtmlCacheBehavior [ RunTime:0.000000s ]
INFO: [ app_begin ] --END-- [ RunTime:0.000000s ]
SQL: SHOW COLUMNS FROM `orders` [ RunTime:0.0300s ]
NOTIC: [8] Use of undefined constant response - assumed 'response' D:\wamp\www\Application\Home\Controller\ImportController.class.php 第 49 行.
NOTIC: [8] Use of undefined constant status - assumed 'status' D:\wamp\www\Application\Home\Controller\ImportController.class.php 第 49 行.
SQL: SELECT * FROM `orders` WHERE `orderId` = '' LIMIT 1   [ RunTime:0.0200s ]
NOTIC: [8] Use of undefined constant response - assumed 'response' D:\wamp\www\Application\Home\Controller\ImportController.class.php 第 54 行.
NOTIC: [8] Use of undefined constant status - assumed 'status' D:\wamp\www\Application\Home\Controller\ImportController.class.php 第 54 行.

[ 2015-11-18T13:48:10+08:00 ] 127.0.0.1 /index.php/import/getOrder?orderId=123
INFO: [ app_init ] --START--
INFO: Run Behavior\BuildLiteBehavior [ RunTime:0.000000s ]
INFO: [ app_init ] --END-- [ RunTime:0.000000s ]
INFO: [ app_begin ] --START--
INFO: Run Behavior\ReadHtmlCacheBehavior [ RunTime:0.000000s ]
INFO: [ app_begin ] --END-- [ RunTime:0.000000s ]
SQL: SHOW COLUMNS FROM `orders` [ RunTime:0.0000s ]
NOTIC: [8] Use of undefined constant response - assumed 'response' D:\wamp\www\Application\Home\Controller\ImportController.class.php 第 49 行.
NOTIC: [8] Use of undefined constant status - assumed 'status' D:\wamp\www\Application\Home\Controller\ImportController.class.php 第 49 行.
SQL: SELECT * FROM `orders` WHERE `orderId` = '' LIMIT 1   [ RunTime:0.0000s ]
NOTIC: [8] Use of undefined constant response - assumed 'response' D:\wamp\www\Application\Home\Controller\ImportController.class.php 第 54 行.
NOTIC: [8] Use of undefined constant status - assumed 'status' D:\wamp\www\Application\Home\Controller\ImportController.class.php 第 54 行.

[ 2015-11-18T13:48:43+08:00 ] 127.0.0.1 /index.php/import/getOrder?orderId=111
INFO: [ app_init ] --START--
INFO: Run Behavior\BuildLiteBehavior [ RunTime:0.000000s ]
INFO: [ app_init ] --END-- [ RunTime:0.001000s ]
INFO: [ app_begin ] --START--
INFO: Run Behavior\ReadHtmlCacheBehavior [ RunTime:0.001001s ]
INFO: [ app_begin ] --END-- [ RunTime:0.002001s ]
SQL: SHOW COLUMNS FROM `orders` [ RunTime:0.0040s ]
NOTIC: [8] Use of undefined constant response - assumed 'response' D:\wamp\www\Application\Home\Controller\ImportController.class.php 第 49 行.
NOTIC: [8] Use of undefined constant status - assumed 'status' D:\wamp\www\Application\Home\Controller\ImportController.class.php 第 49 行.
SQL: SELECT * FROM `orders` WHERE `orderId` = '' LIMIT 1   [ RunTime:0.0010s ]
NOTIC: [8] Use of undefined constant response - assumed 'response' D:\wamp\www\Application\Home\Controller\ImportController.class.php 第 54 行.
NOTIC: [8] Use of undefined constant status - assumed 'status' D:\wamp\www\Application\Home\Controller\ImportController.class.php 第 54 行.

[ 2015-11-18T13:48:45+08:00 ] 127.0.0.1 /index.php/import/getOrder?orderId=111
INFO: [ app_init ] --START--
INFO: Run Behavior\BuildLiteBehavior [ RunTime:0.000000s ]
INFO: [ app_init ] --END-- [ RunTime:0.001000s ]
INFO: [ app_begin ] --START--
INFO: Run Behavior\ReadHtmlCacheBehavior [ RunTime:0.002000s ]
INFO: [ app_begin ] --END-- [ RunTime:0.002000s ]
SQL: SHOW COLUMNS FROM `orders` [ RunTime:0.0050s ]
NOTIC: [8] Use of undefined constant response - assumed 'response' D:\wamp\www\Application\Home\Controller\ImportController.class.php 第 49 行.
NOTIC: [8] Use of undefined constant status - assumed 'status' D:\wamp\www\Application\Home\Controller\ImportController.class.php 第 49 行.
SQL: SELECT * FROM `orders` WHERE `orderId` = '' LIMIT 1   [ RunTime:0.0000s ]
NOTIC: [8] Use of undefined constant response - assumed 'response' D:\wamp\www\Application\Home\Controller\ImportController.class.php 第 54 行.
NOTIC: [8] Use of undefined constant status - assumed 'status' D:\wamp\www\Application\Home\Controller\ImportController.class.php 第 54 行.

[ 2015-11-18T13:48:54+08:00 ] 127.0.0.1 /index.php/import/getOrder?orderId=1111111111
INFO: [ app_init ] --START--
INFO: Run Behavior\BuildLiteBehavior [ RunTime:0.001000s ]
INFO: [ app_init ] --END-- [ RunTime:0.001000s ]
INFO: [ app_begin ] --START--
INFO: Run Behavior\ReadHtmlCacheBehavior [ RunTime:0.001000s ]
INFO: [ app_begin ] --END-- [ RunTime:0.003000s ]
SQL: SHOW COLUMNS FROM `orders` [ RunTime:0.0040s ]
NOTIC: [8] Use of undefined constant response - assumed 'response' D:\wamp\www\Application\Home\Controller\ImportController.class.php 第 49 行.
NOTIC: [8] Use of undefined constant status - assumed 'status' D:\wamp\www\Application\Home\Controller\ImportController.class.php 第 49 行.
SQL: SELECT * FROM `orders` WHERE `orderId` = '' LIMIT 1   [ RunTime:0.0010s ]
NOTIC: [8] Use of undefined constant response - assumed 'response' D:\wamp\www\Application\Home\Controller\ImportController.class.php 第 54 行.
NOTIC: [8] Use of undefined constant status - assumed 'status' D:\wamp\www\Application\Home\Controller\ImportController.class.php 第 54 行.

[ 2015-11-18T13:48:57+08:00 ] 127.0.0.1 /index.php/import/getOrder?orderId=1111111111
INFO: [ app_init ] --START--
INFO: Run Behavior\BuildLiteBehavior [ RunTime:0.000000s ]
INFO: [ app_init ] --END-- [ RunTime:0.001000s ]
INFO: [ app_begin ] --START--
INFO: Run Behavior\ReadHtmlCacheBehavior [ RunTime:0.001000s ]
INFO: [ app_begin ] --END-- [ RunTime:0.003000s ]
SQL: SHOW COLUMNS FROM `orders` [ RunTime:0.0040s ]
NOTIC: [8] Use of undefined constant response - assumed 'response' D:\wamp\www\Application\Home\Controller\ImportController.class.php 第 49 行.
NOTIC: [8] Use of undefined constant status - assumed 'status' D:\wamp\www\Application\Home\Controller\ImportController.class.php 第 49 行.
SQL: SELECT * FROM `orders` WHERE `orderId` = '' LIMIT 1   [ RunTime:0.0000s ]
NOTIC: [8] Use of undefined constant response - assumed 'response' D:\wamp\www\Application\Home\Controller\ImportController.class.php 第 54 行.
NOTIC: [8] Use of undefined constant status - assumed 'status' D:\wamp\www\Application\Home\Controller\ImportController.class.php 第 54 行.

[ 2015-11-18T13:49:16+08:00 ] 127.0.0.1 /index.php/import/getOrder?orderId=1111111111
INFO: [ app_init ] --START--
INFO: Run Behavior\BuildLiteBehavior [ RunTime:0.000000s ]
INFO: [ app_init ] --END-- [ RunTime:0.001000s ]
INFO: [ app_begin ] --START--
INFO: Run Behavior\ReadHtmlCacheBehavior [ RunTime:0.002000s ]
INFO: [ app_begin ] --END-- [ RunTime:0.002000s ]
SQL: SHOW COLUMNS FROM `orders` [ RunTime:0.0040s ]
NOTIC: [8] Use of undefined constant response - assumed 'response' D:\wamp\www\Application\Home\Controller\ImportController.class.php 第 49 行.
NOTIC: [8] Use of undefined constant status - assumed 'status' D:\wamp\www\Application\Home\Controller\ImportController.class.php 第 49 行.
SQL: SELECT * FROM `orders` WHERE `orderId` = '1111111111' LIMIT 1   [ RunTime:0.0000s ]
NOTIC: [8] Use of undefined constant response - assumed 'response' D:\wamp\www\Application\Home\Controller\ImportController.class.php 第 54 行.
NOTIC: [8] Use of undefined constant status - assumed 'status' D:\wamp\www\Application\Home\Controller\ImportController.class.php 第 54 行.

[ 2015-11-18T13:49:19+08:00 ] 127.0.0.1 /index.php/import/getOrder?orderId=111
INFO: [ app_init ] --START--
INFO: Run Behavior\BuildLiteBehavior [ RunTime:0.000000s ]
INFO: [ app_init ] --END-- [ RunTime:0.001000s ]
INFO: [ app_begin ] --START--
INFO: Run Behavior\ReadHtmlCacheBehavior [ RunTime:0.002000s ]
INFO: [ app_begin ] --END-- [ RunTime:0.002000s ]
SQL: SHOW COLUMNS FROM `orders` [ RunTime:0.0040s ]
NOTIC: [8] Use of undefined constant response - assumed 'response' D:\wamp\www\Application\Home\Controller\ImportController.class.php 第 49 行.
NOTIC: [8] Use of undefined constant status - assumed 'status' D:\wamp\www\Application\Home\Controller\ImportController.class.php 第 49 行.
SQL: SELECT * FROM `orders` WHERE `orderId` = '111' LIMIT 1   [ RunTime:0.0010s ]
NOTIC: [8] Use of undefined constant response - assumed 'response' D:\wamp\www\Application\Home\Controller\ImportController.class.php 第 56 行.
NOTIC: [8] Use of undefined constant status - assumed 'status' D:\wamp\www\Application\Home\Controller\ImportController.class.php 第 56 行.
NOTIC: [8] Use of undefined constant result - assumed 'result' D:\wamp\www\Application\Home\Controller\ImportController.class.php 第 56 行.

[ 2015-11-18T13:49:48+08:00 ] 127.0.0.1 /index.php/import/getOrder?orderId=//d111
INFO: [ app_init ] --START--
INFO: Run Behavior\BuildLiteBehavior [ RunTime:0.000000s ]
INFO: [ app_init ] --END-- [ RunTime:0.000000s ]
INFO: [ app_begin ] --START--
INFO: Run Behavior\ReadHtmlCacheBehavior [ RunTime:0.000000s ]
INFO: [ app_begin ] --END-- [ RunTime:0.000000s ]
SQL: SHOW COLUMNS FROM `orders` [ RunTime:0.0000s ]
NOTIC: [8] Use of undefined constant response - assumed 'response' D:\wamp\www\Application\Home\Controller\ImportController.class.php 第 49 行.
NOTIC: [8] Use of undefined constant status - assumed 'status' D:\wamp\www\Application\Home\Controller\ImportController.class.php 第 49 行.
SQL: SELECT * FROM `orders` WHERE `orderId` = '//d111' LIMIT 1   [ RunTime:0.0000s ]
NOTIC: [8] Use of undefined constant response - assumed 'response' D:\wamp\www\Application\Home\Controller\ImportController.class.php 第 54 行.
NOTIC: [8] Use of undefined constant status - assumed 'status' D:\wamp\www\Application\Home\Controller\ImportController.class.php 第 54 行.

[ 2015-11-18T13:49:53+08:00 ] 127.0.0.1 /index.php/import/getOrder?orderId=//111
INFO: [ app_init ] --START--
INFO: Run Behavior\BuildLiteBehavior [ RunTime:0.000000s ]
INFO: [ app_init ] --END-- [ RunTime:0.000000s ]
INFO: [ app_begin ] --START--
INFO: Run Behavior\ReadHtmlCacheBehavior [ RunTime:0.000000s ]
INFO: [ app_begin ] --END-- [ RunTime:0.000000s ]
SQL: SHOW COLUMNS FROM `orders` [ RunTime:0.0000s ]
NOTIC: [8] Use of undefined constant response - assumed 'response' D:\wamp\www\Application\Home\Controller\ImportController.class.php 第 49 行.
NOTIC: [8] Use of undefined constant status - assumed 'status' D:\wamp\www\Application\Home\Controller\ImportController.class.php 第 49 行.
SQL: SELECT * FROM `orders` WHERE `orderId` = '//111' LIMIT 1   [ RunTime:0.0000s ]
NOTIC: [8] Use of undefined constant response - assumed 'response' D:\wamp\www\Application\Home\Controller\ImportController.class.php 第 54 行.
NOTIC: [8] Use of undefined constant status - assumed 'status' D:\wamp\www\Application\Home\Controller\ImportController.class.php 第 54 行.

[ 2015-11-18T13:49:57+08:00 ] 127.0.0.1 /index.php/import/getOrder?orderId=//111
INFO: [ app_init ] --START--
INFO: Run Behavior\BuildLiteBehavior [ RunTime:0.000000s ]
INFO: [ app_init ] --END-- [ RunTime:0.000000s ]
INFO: [ app_begin ] --START--
INFO: Run Behavior\ReadHtmlCacheBehavior [ RunTime:0.000000s ]
INFO: [ app_begin ] --END-- [ RunTime:0.000000s ]
SQL: SHOW COLUMNS FROM `orders` [ RunTime:0.0000s ]
NOTIC: [8] Use of undefined constant response - assumed 'response' D:\wamp\www\Application\Home\Controller\ImportController.class.php 第 49 行.
NOTIC: [8] Use of undefined constant status - assumed 'status' D:\wamp\www\Application\Home\Controller\ImportController.class.php 第 49 行.
SQL: SELECT * FROM `orders` WHERE `orderId` = '//111' LIMIT 1   [ RunTime:0.0000s ]
NOTIC: [8] Use of undefined constant response - assumed 'response' D:\wamp\www\Application\Home\Controller\ImportController.class.php 第 54 行.
NOTIC: [8] Use of undefined constant status - assumed 'status' D:\wamp\www\Application\Home\Controller\ImportController.class.php 第 54 行.

[ 2015-11-18T13:50:20+08:00 ] 127.0.0.1 /index.php/import/getOrder?orderId=//111
INFO: [ app_init ] --START--
INFO: Run Behavior\BuildLiteBehavior [ RunTime:0.000000s ]
INFO: [ app_init ] --END-- [ RunTime:0.000000s ]
INFO: [ app_begin ] --START--
INFO: Run Behavior\ReadHtmlCacheBehavior [ RunTime:0.000000s ]
INFO: [ app_begin ] --END-- [ RunTime:0.000000s ]
SQL: SHOW COLUMNS FROM `orders` [ RunTime:0.0000s ]
NOTIC: [8] Use of undefined constant response - assumed 'response' D:\wamp\www\Application\Home\Controller\ImportController.class.php 第 49 行.
NOTIC: [8] Use of undefined constant status - assumed 'status' D:\wamp\www\Application\Home\Controller\ImportController.class.php 第 49 行.
SQL: SELECT * FROM `orders` WHERE `orderId` = '//111' LIMIT 1   [ RunTime:0.0000s ]
NOTIC: [8] Use of undefined constant response - assumed 'response' D:\wamp\www\Application\Home\Controller\ImportController.class.php 第 54 行.
NOTIC: [8] Use of undefined constant status - assumed 'status' D:\wamp\www\Application\Home\Controller\ImportController.class.php 第 54 行.

[ 2015-11-18T13:50:34+08:00 ] 127.0.0.1 /index.php/import/getOrder?orderId=cashe111
INFO: [ app_init ] --START--
INFO: Run Behavior\BuildLiteBehavior [ RunTime:0.000000s ]
INFO: [ app_init ] --END-- [ RunTime:0.010000s ]
INFO: [ app_begin ] --START--
INFO: Run Behavior\ReadHtmlCacheBehavior [ RunTime:0.010000s ]
INFO: [ app_begin ] --END-- [ RunTime:0.010000s ]
SQL: SHOW COLUMNS FROM `orders` [ RunTime:0.0000s ]
NOTIC: [8] Use of undefined constant response - assumed 'response' D:\wamp\www\Application\Home\Controller\ImportController.class.php 第 49 行.
NOTIC: [8] Use of undefined constant status - assumed 'status' D:\wamp\www\Application\Home\Controller\ImportController.class.php 第 49 行.
SQL: SELECT * FROM `orders` WHERE `orderId` = 'cashe111' LIMIT 1   [ RunTime:0.0000s ]
NOTIC: [8] Use of undefined constant response - assumed 'response' D:\wamp\www\Application\Home\Controller\ImportController.class.php 第 54 行.
NOTIC: [8] Use of undefined constant status - assumed 'status' D:\wamp\www\Application\Home\Controller\ImportController.class.php 第 54 行.

[ 2015-11-18T13:50:45+08:00 ] 127.0.0.1 /index.php/import/getOrder?orderId=cashe%20111
INFO: [ app_init ] --START--
INFO: Run Behavior\BuildLiteBehavior [ RunTime:0.000000s ]
INFO: [ app_init ] --END-- [ RunTime:0.000000s ]
INFO: [ app_begin ] --START--
INFO: Run Behavior\ReadHtmlCacheBehavior [ RunTime:0.000000s ]
INFO: [ app_begin ] --END-- [ RunTime:0.000000s ]
SQL: SHOW COLUMNS FROM `orders` [ RunTime:0.0010s ]
NOTIC: [8] Use of undefined constant response - assumed 'response' D:\wamp\www\Application\Home\Controller\ImportController.class.php 第 49 行.
NOTIC: [8] Use of undefined constant status - assumed 'status' D:\wamp\www\Application\Home\Controller\ImportController.class.php 第 49 行.
SQL: SELECT * FROM `orders` WHERE `orderId` = 'cashe 111' LIMIT 1   [ RunTime:0.0000s ]
NOTIC: [8] Use of undefined constant response - assumed 'response' D:\wamp\www\Application\Home\Controller\ImportController.class.php 第 54 行.
NOTIC: [8] Use of undefined constant status - assumed 'status' D:\wamp\www\Application\Home\Controller\ImportController.class.php 第 54 行.

[ 2015-11-18T13:51:35+08:00 ] 127.0.0.1 /index.php/import/getOrder?orderId=cashe%3Cp%3E%20111
INFO: [ app_init ] --START--
INFO: Run Behavior\BuildLiteBehavior [ RunTime:0.000000s ]
INFO: [ app_init ] --END-- [ RunTime:0.000000s ]
INFO: [ app_begin ] --START--
INFO: Run Behavior\ReadHtmlCacheBehavior [ RunTime:0.000000s ]
INFO: [ app_begin ] --END-- [ RunTime:0.000000s ]
SQL: SHOW COLUMNS FROM `orders` [ RunTime:0.0000s ]
NOTIC: [8] Use of undefined constant response - assumed 'response' D:\wamp\www\Application\Home\Controller\ImportController.class.php 第 49 行.
NOTIC: [8] Use of undefined constant status - assumed 'status' D:\wamp\www\Application\Home\Controller\ImportController.class.php 第 49 行.
SQL: SELECT * FROM `orders` WHERE `orderId` = 'cashe 111' LIMIT 1   [ RunTime:0.0000s ]
NOTIC: [8] Use of undefined constant response - assumed 'response' D:\wamp\www\Application\Home\Controller\ImportController.class.php 第 54 行.
NOTIC: [8] Use of undefined constant status - assumed 'status' D:\wamp\www\Application\Home\Controller\ImportController.class.php 第 54 行.

[ 2015-11-18T19:49:29+08:00 ] 127.0.0.1 /index.php/index/tets
INFO: [ app_init ] --START--
INFO: Run Behavior\BuildLiteBehavior [ RunTime:0.000000s ]
INFO: [ app_init ] --END-- [ RunTime:0.001000s ]

[ 2015-11-18T19:49:35+08:00 ] 127.0.0.1 /index.php/index/test
INFO: [ app_init ] --START--
INFO: Run Behavior\BuildLiteBehavior [ RunTime:0.000000s ]
INFO: [ app_init ] --END-- [ RunTime:0.001000s ]

[ 2015-11-18T19:49:58+08:00 ] 127.0.0.1 /index.php/index/test
INFO: [ app_init ] --START--
INFO: Run Behavior\BuildLiteBehavior [ RunTime:0.000000s ]
INFO: [ app_init ] --END-- [ RunTime:0.001000s ]

[ 2015-11-18T19:49:59+08:00 ] 127.0.0.1 /index.php/index/test
INFO: [ app_init ] --START--
INFO: Run Behavior\BuildLiteBehavior [ RunTime:0.000000s ]
INFO: [ app_init ] --END-- [ RunTime:0.001000s ]

[ 2015-11-18T19:50:19+08:00 ] 127.0.0.1 /index.php/index/test
INFO: [ app_init ] --START--
INFO: Run Behavior\BuildLiteBehavior [ RunTime:0.000000s ]
INFO: [ app_init ] --END-- [ RunTime:0.001000s ]
INFO: [ app_begin ] --START--
INFO: Run Behavior\ReadHtmlCacheBehavior [ RunTime:0.017001s ]
INFO: [ app_begin ] --END-- [ RunTime:0.018001s ]

[ 2015-11-18T19:50:21+08:00 ] 127.0.0.1 /index.php/index/test
INFO: [ app_init ] --START--
INFO: Run Behavior\BuildLiteBehavior [ RunTime:0.000000s ]
INFO: [ app_init ] --END-- [ RunTime:0.001000s ]
INFO: [ app_begin ] --START--
INFO: Run Behavior\ReadHtmlCacheBehavior [ RunTime:0.001000s ]
INFO: [ app_begin ] --END-- [ RunTime:0.001000s ]

[ 2015-11-18T19:51:11+08:00 ] 127.0.0.1 /index.php/index/test
INFO: [ app_init ] --START--
INFO: Run Behavior\BuildLiteBehavior [ RunTime:0.000000s ]
INFO: [ app_init ] --END-- [ RunTime:0.001000s ]
INFO: [ app_begin ] --START--
INFO: Run Behavior\ReadHtmlCacheBehavior [ RunTime:0.001000s ]
INFO: [ app_begin ] --END-- [ RunTime:0.001000s ]
NOTIC: [2] md5() expects at least 1 parameter, 0 given D:\wamp\www\Application\Home\Common\function.php 第 179 行.

[ 2015-11-18T19:51:13+08:00 ] 127.0.0.1 /index.php/index/test
INFO: [ app_init ] --START--
INFO: Run Behavior\BuildLiteBehavior [ RunTime:0.000000s ]
INFO: [ app_init ] --END-- [ RunTime:0.000000s ]
INFO: [ app_begin ] --START--
INFO: Run Behavior\ReadHtmlCacheBehavior [ RunTime:0.001000s ]
INFO: [ app_begin ] --END-- [ RunTime:0.001000s ]
NOTIC: [2] md5() expects at least 1 parameter, 0 given D:\wamp\www\Application\Home\Common\function.php 第 179 行.

[ 2015-11-18T19:51:29+08:00 ] 127.0.0.1 /index.php/index/test
INFO: [ app_init ] --START--
INFO: Run Behavior\BuildLiteBehavior [ RunTime:0.000000s ]
INFO: [ app_init ] --END-- [ RunTime:0.001000s ]
INFO: [ app_begin ] --START--
INFO: Run Behavior\ReadHtmlCacheBehavior [ RunTime:0.001000s ]
INFO: [ app_begin ] --END-- [ RunTime:0.001000s ]
NOTIC: [2] md5() expects at least 1 parameter, 0 given D:\wamp\www\Application\Home\Common\function.php 第 179 行.

[ 2015-11-18T19:51:30+08:00 ] 127.0.0.1 /index.php/index/test
INFO: [ app_init ] --START--
INFO: Run Behavior\BuildLiteBehavior [ RunTime:0.000000s ]
INFO: [ app_init ] --END-- [ RunTime:0.001000s ]
INFO: [ app_begin ] --START--
INFO: Run Behavior\ReadHtmlCacheBehavior [ RunTime:0.001000s ]
INFO: [ app_begin ] --END-- [ RunTime:0.001000s ]
NOTIC: [2] md5() expects at least 1 parameter, 0 given D:\wamp\www\Application\Home\Common\function.php 第 179 行.

[ 2015-11-18T19:52:07+08:00 ] 127.0.0.1 /index.php/index/test
INFO: [ app_init ] --START--
INFO: Run Behavior\BuildLiteBehavior [ RunTime:0.000000s ]
INFO: [ app_init ] --END-- [ RunTime:0.000000s ]
INFO: [ app_begin ] --START--
INFO: Run Behavior\ReadHtmlCacheBehavior [ RunTime:0.001000s ]
INFO: [ app_begin ] --END-- [ RunTime:0.001000s ]
NOTIC: [2] md5() expects at least 1 parameter, 0 given D:\wamp\www\Application\Home\Common\function.php 第 179 行.
NOTIC: [8] Use of undefined constant ENCRYPT_KEY - assumed 'ENCRYPT_KEY' D:\wamp\www\Application\Home\Common\function.php 第 180 行.
INFO: [ app_end ] --START--
INFO: Run Behavior\ShowPageTraceBehavior [ RunTime:0.044002s ]
INFO: [ app_end ] --END-- [ RunTime:0.044002s ]

[ 2015-11-18T19:54:30+08:00 ] 127.0.0.1 /index.php/index/test
INFO: [ app_init ] --START--
INFO: Run Behavior\BuildLiteBehavior [ RunTime:0.000000s ]
INFO: [ app_init ] --END-- [ RunTime:0.000000s ]
INFO: [ app_begin ] --START--
INFO: Run Behavior\ReadHtmlCacheBehavior [ RunTime:0.001000s ]
INFO: [ app_begin ] --END-- [ RunTime:0.001000s ]
NOTIC: [2] md5() expects at least 1 parameter, 0 given D:\wamp\www\Application\Home\Common\function.php 第 179 行.
INFO: [ app_end ] --START--
INFO: Run Behavior\ShowPageTraceBehavior [ RunTime:0.001000s ]
INFO: [ app_end ] --END-- [ RunTime:0.001000s ]

[ 2015-11-18T19:54:31+08:00 ] 127.0.0.1 /index.php/index/test
INFO: [ app_init ] --START--
INFO: Run Behavior\BuildLiteBehavior [ RunTime:0.000000s ]
INFO: [ app_init ] --END-- [ RunTime:0.001000s ]
INFO: [ app_begin ] --START--
INFO: Run Behavior\ReadHtmlCacheBehavior [ RunTime:0.001000s ]
INFO: [ app_begin ] --END-- [ RunTime:0.001000s ]
NOTIC: [2] md5() expects at least 1 parameter, 0 given D:\wamp\www\Application\Home\Common\function.php 第 179 行.
INFO: [ app_end ] --START--
INFO: Run Behavior\ShowPageTraceBehavior [ RunTime:0.001000s ]
INFO: [ app_end ] --END-- [ RunTime:0.001000s ]

[ 2015-11-18T20:27:27+08:00 ] 127.0.0.1 /index.php/index/test
INFO: [ app_init ] --START--
INFO: Run Behavior\BuildLiteBehavior [ RunTime:0.000000s ]
INFO: [ app_init ] --END-- [ RunTime:0.001000s ]

[ 2015-11-18T20:28:02+08:00 ] 127.0.0.1 /index.php/index/test
INFO: [ app_init ] --START--
INFO: Run Behavior\BuildLiteBehavior [ RunTime:0.000000s ]
INFO: [ app_init ] --END-- [ RunTime:0.000000s ]

[ 2015-11-18T20:28:45+08:00 ] 127.0.0.1 /index.php/index/test
INFO: [ app_init ] --START--
INFO: Run Behavior\BuildLiteBehavior [ RunTime:0.000000s ]
INFO: [ app_init ] --END-- [ RunTime:0.001000s ]

[ 2015-11-18T20:28:46+08:00 ] 127.0.0.1 /index.php/index/test
INFO: [ app_init ] --START--
INFO: Run Behavior\BuildLiteBehavior [ RunTime:0.000000s ]
INFO: [ app_init ] --END-- [ RunTime:0.001000s ]

[ 2015-11-18T20:29:09+08:00 ] 127.0.0.1 /index.php/index/test
INFO: [ app_init ] --START--
INFO: Run Behavior\BuildLiteBehavior [ RunTime:0.000000s ]
INFO: [ app_init ] --END-- [ RunTime:0.000000s ]

[ 2015-11-18T20:29:10+08:00 ] 127.0.0.1 /index.php/index/test
INFO: [ app_init ] --START--
INFO: Run Behavior\BuildLiteBehavior [ RunTime:0.000000s ]
INFO: [ app_init ] --END-- [ RunTime:0.001001s ]

[ 2015-11-18T20:32:50+08:00 ] 127.0.0.1 /index.php/index/test
INFO: [ app_init ] --START--
INFO: Run Behavior\BuildLiteBehavior [ RunTime:0.000000s ]
INFO: [ app_init ] --END-- [ RunTime:0.001000s ]

[ 2015-11-18T20:32:50+08:00 ] 127.0.0.1 /index.php/index/test
INFO: [ app_init ] --START--
INFO: Run Behavior\BuildLiteBehavior [ RunTime:0.000000s ]
INFO: [ app_init ] --END-- [ RunTime:0.000000s ]

[ 2015-11-18T20:33:23+08:00 ] 127.0.0.1 /index.php/index/test
INFO: [ app_init ] --START--
INFO: Run Behavior\BuildLiteBehavior [ RunTime:0.000000s ]
INFO: [ app_init ] --END-- [ RunTime:0.001000s ]
INFO: [ app_begin ] --START--
INFO: Run Behavior\ReadHtmlCacheBehavior [ RunTime:0.001000s ]
INFO: [ app_begin ] --END-- [ RunTime:0.001000s ]
NOTIC: [2] md5() expects at least 1 parameter, 0 given D:\wamp\www\Application\Home\Common\function.php 第 185 行.
NOTIC: [8] Undefined variable: formName D:\wamp\www\Application\Home\Common\function.php 第 186 行.
INFO: [ app_end ] --START--
INFO: Run Behavior\ShowPageTraceBehavior [ RunTime:0.001000s ]
INFO: [ app_end ] --END-- [ RunTime:0.001000s ]

[ 2015-11-18T20:33:49+08:00 ] 127.0.0.1 /index.php/index/test
INFO: [ app_init ] --START--
INFO: Run Behavior\BuildLiteBehavior [ RunTime:0.000000s ]
INFO: [ app_init ] --END-- [ RunTime:0.001000s ]
INFO: [ app_begin ] --START--
INFO: Run Behavior\ReadHtmlCacheBehavior [ RunTime:0.000000s ]
INFO: [ app_begin ] --END-- [ RunTime:0.001000s ]
NOTIC: [2] md5() expects at least 1 parameter, 0 given D:\wamp\www\Application\Home\Common\function.php 第 185 行.
INFO: [ app_end ] --START--
INFO: Run Behavior\ShowPageTraceBehavior [ RunTime:0.001000s ]
INFO: [ app_end ] --END-- [ RunTime:0.001000s ]

[ 2015-11-18T20:34:44+08:00 ] 127.0.0.1 /index.php/index/test
INFO: [ app_init ] --START--
INFO: Run Behavior\BuildLiteBehavior [ RunTime:0.000000s ]
INFO: [ app_init ] --END-- [ RunTime:0.000000s ]
INFO: [ app_begin ] --START--
INFO: Run Behavior\ReadHtmlCacheBehavior [ RunTime:0.001000s ]
INFO: [ app_begin ] --END-- [ RunTime:0.001000s ]
NOTIC: [2] md5() expects at least 1 parameter, 0 given D:\wamp\www\Application\Home\Common\function.php 第 185 行.
INFO: [ app_end ] --START--
INFO: Run Behavior\ShowPageTraceBehavior [ RunTime:0.001000s ]
INFO: [ app_end ] --END-- [ RunTime:0.001000s ]

[ 2015-11-18T20:34:45+08:00 ] 127.0.0.1 /index.php/index/test
INFO: [ app_init ] --START--
INFO: Run Behavior\BuildLiteBehavior [ RunTime:0.001000s ]
INFO: [ app_init ] --END-- [ RunTime:0.001000s ]
INFO: [ app_begin ] --START--
INFO: Run Behavior\ReadHtmlCacheBehavior [ RunTime:0.001000s ]
INFO: [ app_begin ] --END-- [ RunTime:0.001000s ]
NOTIC: [2] md5() expects at least 1 parameter, 0 given D:\wamp\www\Application\Home\Common\function.php 第 185 行.
INFO: [ app_end ] --START--
INFO: Run Behavior\ShowPageTraceBehavior [ RunTime:0.001000s ]
INFO: [ app_end ] --END-- [ RunTime:0.001000s ]

[ 2015-11-18T20:36:43+08:00 ] 127.0.0.1 /index.php/index/test
INFO: [ app_init ] --START--
INFO: Run Behavior\BuildLiteBehavior [ RunTime:0.001000s ]
INFO: [ app_init ] --END-- [ RunTime:0.001000s ]
INFO: [ app_begin ] --START--
INFO: Run Behavior\ReadHtmlCacheBehavior [ RunTime:0.001000s ]
INFO: [ app_begin ] --END-- [ RunTime:0.002000s ]
NOTIC: [2] md5() expects at least 1 parameter, 0 given D:\wamp\www\Application\Home\Common\function.php 第 185 行.
INFO: [ app_end ] --START--
INFO: Run Behavior\ShowPageTraceBehavior [ RunTime:0.001000s ]
INFO: [ app_end ] --END-- [ RunTime:0.001000s ]

[ 2015-11-18T20:37:56+08:00 ] 127.0.0.1 /index.php/index/test
INFO: [ app_init ] --START--
INFO: Run Behavior\BuildLiteBehavior [ RunTime:0.000000s ]
INFO: [ app_init ] --END-- [ RunTime:0.001000s ]
INFO: [ app_begin ] --START--
INFO: Run Behavior\ReadHtmlCacheBehavior [ RunTime:0.001000s ]
INFO: [ app_begin ] --END-- [ RunTime:0.001000s ]
NOTIC: [2] md5() expects at least 1 parameter, 0 given D:\wamp\www\Application\Home\Common\function.php 第 185 行.
INFO: [ app_end ] --START--
INFO: Run Behavior\ShowPageTraceBehavior [ RunTime:0.001000s ]
INFO: [ app_end ] --END-- [ RunTime:0.001000s ]

[ 2015-11-18T20:38:18+08:00 ] 127.0.0.1 /index.php/index/test
INFO: [ app_init ] --START--
INFO: Run Behavior\BuildLiteBehavior [ RunTime:0.000000s ]
INFO: [ app_init ] --END-- [ RunTime:0.000000s ]
INFO: [ app_begin ] --START--
INFO: Run Behavior\ReadHtmlCacheBehavior [ RunTime:0.000000s ]
INFO: [ app_begin ] --END-- [ RunTime:0.001000s ]
NOTIC: [2] md5() expects at least 1 parameter, 0 given D:\wamp\www\Application\Home\Common\function.php 第 185 行.
INFO: [ app_end ] --START--
INFO: Run Behavior\ShowPageTraceBehavior [ RunTime:0.001000s ]
INFO: [ app_end ] --END-- [ RunTime:0.001000s ]

[ 2015-11-18T20:42:06+08:00 ] 127.0.0.1 /index.php/index/test
INFO: [ app_init ] --START--
INFO: Run Behavior\BuildLiteBehavior [ RunTime:0.000000s ]
INFO: [ app_init ] --END-- [ RunTime:0.001000s ]
INFO: [ app_begin ] --START--
INFO: Run Behavior\ReadHtmlCacheBehavior [ RunTime:0.001000s ]
INFO: [ app_begin ] --END-- [ RunTime:0.001000s ]
NOTIC: [2] md5() expects at least 1 parameter, 0 given D:\wamp\www\Application\Home\Common\function.php 第 185 行.
INFO: [ app_end ] --START--
INFO: Run Behavior\ShowPageTraceBehavior [ RunTime:0.001000s ]
INFO: [ app_end ] --END-- [ RunTime:0.001000s ]

[ 2015-11-18T20:42:20+08:00 ] 127.0.0.1 /index.php/index/test
INFO: [ app_init ] --START--
INFO: Run Behavior\BuildLiteBehavior [ RunTime:0.000000s ]
INFO: [ app_init ] --END-- [ RunTime:0.001000s ]
INFO: [ app_begin ] --START--
INFO: Run Behavior\ReadHtmlCacheBehavior [ RunTime:0.000000s ]
INFO: [ app_begin ] --END-- [ RunTime:0.001000s ]
NOTIC: [2] md5() expects at least 1 parameter, 0 given D:\wamp\www\Application\Home\Common\function.php 第 185 行.
INFO: [ app_end ] --START--
INFO: Run Behavior\ShowPageTraceBehavior [ RunTime:0.000000s ]
INFO: [ app_end ] --END-- [ RunTime:0.001000s ]

[ 2015-11-18T20:42:28+08:00 ] 127.0.0.1 /index.php/index/test
INFO: [ app_init ] --START--
INFO: Run Behavior\BuildLiteBehavior [ RunTime:0.000000s ]
INFO: [ app_init ] --END-- [ RunTime:0.001000s ]
INFO: [ app_begin ] --START--
INFO: Run Behavior\ReadHtmlCacheBehavior [ RunTime:0.001000s ]
INFO: [ app_begin ] --END-- [ RunTime:0.001000s ]
NOTIC: [2] md5() expects at least 1 parameter, 0 given D:\wamp\www\Application\Home\Common\function.php 第 185 行.
INFO: [ app_end ] --START--
INFO: Run Behavior\ShowPageTraceBehavior [ RunTime:0.001000s ]
INFO: [ app_end ] --END-- [ RunTime:0.001000s ]

[ 2015-11-18T20:42:29+08:00 ] 127.0.0.1 /index.php/index/test
INFO: [ app_init ] --START--
INFO: Run Behavior\BuildLiteBehavior [ RunTime:0.000000s ]
INFO: [ app_init ] --END-- [ RunTime:0.001000s ]
INFO: [ app_begin ] --START--
INFO: Run Behavior\ReadHtmlCacheBehavior [ RunTime:0.001000s ]
INFO: [ app_begin ] --END-- [ RunTime:0.001000s ]
NOTIC: [2] md5() expects at least 1 parameter, 0 given D:\wamp\www\Application\Home\Common\function.php 第 185 行.
INFO: [ app_end ] --START--
INFO: Run Behavior\ShowPageTraceBehavior [ RunTime:0.001000s ]
INFO: [ app_end ] --END-- [ RunTime:0.001000s ]

[ 2015-11-18T21:09:28+08:00 ] 127.0.0.1 /index.php/index/test
INFO: [ app_init ] --START--
INFO: Run Behavior\BuildLiteBehavior [ RunTime:0.000000s ]
INFO: [ app_init ] --END-- [ RunTime:0.001000s ]

[ 2015-11-18T21:09:29+08:00 ] 127.0.0.1 /index.php/index/test
INFO: [ app_init ] --START--
INFO: Run Behavior\BuildLiteBehavior [ RunTime:0.000000s ]
INFO: [ app_init ] --END-- [ RunTime:0.001000s ]

[ 2015-11-18T21:19:41+08:00 ] 127.0.0.1 /index.php/index/test
INFO: [ app_init ] --START--
INFO: Run Behavior\BuildLiteBehavior [ RunTime:0.000000s ]
INFO: [ app_init ] --END-- [ RunTime:0.001000s ]
INFO: [ app_begin ] --START--
INFO: Run Behavior\ReadHtmlCacheBehavior [ RunTime:0.001000s ]
INFO: [ app_begin ] --END-- [ RunTime:0.001000s ]
NOTIC: [2] md5() expects at least 1 parameter, 0 given D:\wamp\www\Application\Home\Common\function.php 第 158 行.
INFO: [ app_end ] --START--
INFO: Run Behavior\ShowPageTraceBehavior [ RunTime:0.001000s ]
INFO: [ app_end ] --END-- [ RunTime:0.001000s ]

[ 2015-11-18T21:20:44+08:00 ] 127.0.0.1 /index.php/index/test
INFO: [ app_init ] --START--
INFO: Run Behavior\BuildLiteBehavior [ RunTime:0.000000s ]
INFO: [ app_init ] --END-- [ RunTime:0.000000s ]
INFO: [ app_begin ] --START--
INFO: Run Behavior\ReadHtmlCacheBehavior [ RunTime:0.001000s ]
INFO: [ app_begin ] --END-- [ RunTime:0.001000s ]
NOTIC: [2] md5() expects at least 1 parameter, 0 given D:\wamp\www\Application\Home\Common\function.php 第 158 行.
INFO: [ app_end ] --START--
INFO: Run Behavior\ShowPageTraceBehavior [ RunTime:0.001000s ]
INFO: [ app_end ] --END-- [ RunTime:0.001000s ]

[ 2015-11-18T21:20:47+08:00 ] 127.0.0.1 /index.php/index/test
INFO: [ app_init ] --START--
INFO: Run Behavior\BuildLiteBehavior [ RunTime:0.000000s ]
INFO: [ app_init ] --END-- [ RunTime:0.000000s ]
INFO: [ app_begin ] --START--
INFO: Run Behavior\ReadHtmlCacheBehavior [ RunTime:0.000000s ]
INFO: [ app_begin ] --END-- [ RunTime:0.001000s ]
NOTIC: [2] md5() expects at least 1 parameter, 0 given D:\wamp\www\Application\Home\Common\function.php 第 158 行.
INFO: [ app_end ] --START--
INFO: Run Behavior\ShowPageTraceBehavior [ RunTime:0.001000s ]
INFO: [ app_end ] --END-- [ RunTime:0.001000s ]

[ 2015-11-18T21:20:48+08:00 ] 127.0.0.1 /index.php/index/test
INFO: [ app_init ] --START--
INFO: Run Behavior\BuildLiteBehavior [ RunTime:0.000000s ]
INFO: [ app_init ] --END-- [ RunTime:0.001000s ]
INFO: [ app_begin ] --START--
INFO: Run Behavior\ReadHtmlCacheBehavior [ RunTime:0.001000s ]
INFO: [ app_begin ] --END-- [ RunTime:0.002000s ]
NOTIC: [2] md5() expects at least 1 parameter, 0 given D:\wamp\www\Application\Home\Common\function.php 第 158 行.
INFO: [ app_end ] --START--
INFO: Run Behavior\ShowPageTraceBehavior [ RunTime:0.000000s ]
INFO: [ app_end ] --END-- [ RunTime:0.001000s ]

[ 2015-11-18T21:20:49+08:00 ] 127.0.0.1 /index.php/index/test
INFO: [ app_init ] --START--
INFO: Run Behavior\BuildLiteBehavior [ RunTime:0.000000s ]
INFO: [ app_init ] --END-- [ RunTime:0.000000s ]
INFO: [ app_begin ] --START--
INFO: Run Behavior\ReadHtmlCacheBehavior [ RunTime:0.001000s ]
INFO: [ app_begin ] --END-- [ RunTime:0.001000s ]
NOTIC: [2] md5() expects at least 1 parameter, 0 given D:\wamp\www\Application\Home\Common\function.php 第 158 行.
INFO: [ app_end ] --START--
INFO: Run Behavior\ShowPageTraceBehavior [ RunTime:0.001000s ]
INFO: [ app_end ] --END-- [ RunTime:0.001000s ]

[ 2015-11-18T21:20:50+08:00 ] 127.0.0.1 /index.php/index/test
INFO: [ app_init ] --START--
INFO: Run Behavior\BuildLiteBehavior [ RunTime:0.000000s ]
INFO: [ app_init ] --END-- [ RunTime:0.001000s ]
INFO: [ app_begin ] --START--
INFO: Run Behavior\ReadHtmlCacheBehavior [ RunTime:0.001000s ]
INFO: [ app_begin ] --END-- [ RunTime:0.001000s ]
NOTIC: [2] md5() expects at least 1 parameter, 0 given D:\wamp\www\Application\Home\Common\function.php 第 158 行.
INFO: [ app_end ] --START--
INFO: Run Behavior\ShowPageTraceBehavior [ RunTime:0.001001s ]
INFO: [ app_end ] --END-- [ RunTime:0.001001s ]

[ 2015-11-18T21:20:51+08:00 ] 127.0.0.1 /index.php/index/test
INFO: [ app_init ] --START--
INFO: Run Behavior\BuildLiteBehavior [ RunTime:0.000000s ]
INFO: [ app_init ] --END-- [ RunTime:0.000000s ]
INFO: [ app_begin ] --START--
INFO: Run Behavior\ReadHtmlCacheBehavior [ RunTime:0.001000s ]
INFO: [ app_begin ] --END-- [ RunTime:0.002000s ]
NOTIC: [2] md5() expects at least 1 parameter, 0 given D:\wamp\www\Application\Home\Common\function.php 第 158 行.
INFO: [ app_end ] --START--
INFO: Run Behavior\ShowPageTraceBehavior [ RunTime:0.000000s ]
INFO: [ app_end ] --END-- [ RunTime:0.001000s ]

[ 2015-11-18T21:56:10+08:00 ] 127.0.0.1 /index.php/index/test
INFO: [ app_init ] --START--
INFO: Run Behavior\BuildLiteBehavior [ RunTime:0.000000s ]
INFO: [ app_init ] --END-- [ RunTime:0.001000s ]
INFO: [ app_begin ] --START--
INFO: Run Behavior\ReadHtmlCacheBehavior [ RunTime:0.001000s ]
INFO: [ app_begin ] --END-- [ RunTime:0.002000s ]
NOTIC: [2] md5() expects at least 1 parameter, 0 given D:\wamp\www\Application\Home\Common\function.php 第 158 行.
INFO: [ app_end ] --START--
INFO: Run Behavior\ShowPageTraceBehavior [ RunTime:0.000000s ]
INFO: [ app_end ] --END-- [ RunTime:0.002001s ]

[ 2015-11-18T21:56:11+08:00 ] 127.0.0.1 /index.php/index/test
INFO: [ app_init ] --START--
INFO: Run Behavior\BuildLiteBehavior [ RunTime:0.000000s ]
INFO: [ app_init ] --END-- [ RunTime:0.001000s ]
INFO: [ app_begin ] --START--
INFO: Run Behavior\ReadHtmlCacheBehavior [ RunTime:0.001000s ]
INFO: [ app_begin ] --END-- [ RunTime:0.001000s ]
NOTIC: [2] md5() expects at least 1 parameter, 0 given D:\wamp\www\Application\Home\Common\function.php 第 158 行.
INFO: [ app_end ] --START--
INFO: Run Behavior\ShowPageTraceBehavior [ RunTime:0.000000s ]
INFO: [ app_end ] --END-- [ RunTime:0.001000s ]

[ 2015-11-18T21:56:11+08:00 ] 127.0.0.1 /index.php/index/test
INFO: [ app_init ] --START--
INFO: Run Behavior\BuildLiteBehavior [ RunTime:0.001000s ]
INFO: [ app_init ] --END-- [ RunTime:0.001000s ]
INFO: [ app_begin ] --START--
INFO: Run Behavior\ReadHtmlCacheBehavior [ RunTime:0.001000s ]
INFO: [ app_begin ] --END-- [ RunTime:0.001000s ]
NOTIC: [2] md5() expects at least 1 parameter, 0 given D:\wamp\www\Application\Home\Common\function.php 第 158 行.
INFO: [ app_end ] --START--
INFO: Run Behavior\ShowPageTraceBehavior [ RunTime:0.000000s ]
INFO: [ app_end ] --END-- [ RunTime:0.001000s ]

[ 2015-11-18T21:56:12+08:00 ] 127.0.0.1 /index.php/index/test
INFO: [ app_init ] --START--
INFO: Run Behavior\BuildLiteBehavior [ RunTime:0.000000s ]
INFO: [ app_init ] --END-- [ RunTime:0.001001s ]
INFO: [ app_begin ] --START--
INFO: Run Behavior\ReadHtmlCacheBehavior [ RunTime:0.001000s ]
INFO: [ app_begin ] --END-- [ RunTime:0.001000s ]
NOTIC: [2] md5() expects at least 1 parameter, 0 given D:\wamp\www\Application\Home\Common\function.php 第 158 行.
INFO: [ app_end ] --START--
INFO: Run Behavior\ShowPageTraceBehavior [ RunTime:0.001000s ]
INFO: [ app_end ] --END-- [ RunTime:0.001000s ]

[ 2015-11-18T21:56:13+08:00 ] 127.0.0.1 /index.php/index/test
INFO: [ app_init ] --START--
INFO: Run Behavior\BuildLiteBehavior [ RunTime:0.000000s ]
INFO: [ app_init ] --END-- [ RunTime:0.001000s ]
INFO: [ app_begin ] --START--
INFO: Run Behavior\ReadHtmlCacheBehavior [ RunTime:0.001000s ]
INFO: [ app_begin ] --END-- [ RunTime:0.001000s ]
NOTIC: [2] md5() expects at least 1 parameter, 0 given D:\wamp\www\Application\Home\Common\function.php 第 158 行.
INFO: [ app_end ] --START--
INFO: Run Behavior\ShowPageTraceBehavior [ RunTime:0.001000s ]
INFO: [ app_end ] --END-- [ RunTime:0.001000s ]

[ 2015-11-18T21:56:14+08:00 ] 127.0.0.1 /index.php/index/test
INFO: [ app_init ] --START--
INFO: Run Behavior\BuildLiteBehavior [ RunTime:0.000000s ]
INFO: [ app_init ] --END-- [ RunTime:0.000000s ]
INFO: [ app_begin ] --START--
INFO: Run Behavior\ReadHtmlCacheBehavior [ RunTime:0.001000s ]
INFO: [ app_begin ] --END-- [ RunTime:0.001000s ]
NOTIC: [2] md5() expects at least 1 parameter, 0 given D:\wamp\www\Application\Home\Common\function.php 第 158 行.
INFO: [ app_end ] --START--
INFO: Run Behavior\ShowPageTraceBehavior [ RunTime:0.001000s ]
INFO: [ app_end ] --END-- [ RunTime:0.001000s ]

[ 2015-11-18T21:56:15+08:00 ] 127.0.0.1 /index.php/index/test
INFO: [ app_init ] --START--
INFO: Run Behavior\BuildLiteBehavior [ RunTime:0.000000s ]
INFO: [ app_init ] --END-- [ RunTime:0.001000s ]
INFO: [ app_begin ] --START--
INFO: Run Behavior\ReadHtmlCacheBehavior [ RunTime:0.001000s ]
INFO: [ app_begin ] --END-- [ RunTime:0.001000s ]
NOTIC: [2] md5() expects at least 1 parameter, 0 given D:\wamp\www\Application\Home\Common\function.php 第 158 行.
INFO: [ app_end ] --START--
INFO: Run Behavior\ShowPageTraceBehavior [ RunTime:0.001000s ]
INFO: [ app_end ] --END-- [ RunTime:0.001000s ]

