[ 2015-12-12T18:47:22+08:00 ] 127.0.0.1 /
INFO: [ app_init ] --START--
INFO: Run Behavior\BuildLiteBehavior [ RunTime:0.000000s ]
INFO: [ app_init ] --END-- [ RunTime:0.001000s ]
INFO: [ app_begin ] --START--
INFO: Run Behavior\ReadHtmlCacheBehavior [ RunTime:0.001000s ]
INFO: [ app_begin ] --END-- [ RunTime:0.001000s ]
INFO: [ view_parse ] --START--
INFO: [ template_filter ] --START--
INFO: Run Behavior\ContentReplaceBehavior [ RunTime:0.000000s ]
INFO: [ template_filter ] --END-- [ RunTime:0.001000s ]
INFO: Run Behavior\ParseTemplateBehavior [ RunTime:0.071004s ]
INFO: [ view_parse ] --END-- [ RunTime:0.071004s ]
INFO: [ view_filter ] --START--
INFO: Run Behavior\WriteHtmlCacheBehavior [ RunTime:0.013000s ]
INFO: [ view_filter ] --END-- [ RunTime:0.013000s ]
INFO: [ app_end ] --START--
INFO: Run Behavior\ShowPageTraceBehavior [ RunTime:0.091006s ]
INFO: [ app_end ] --END-- [ RunTime:0.091006s ]

[ 2015-12-12T18:47:26+08:00 ] 127.0.0.1 /index.php/login/login
INFO: [ app_init ] --START--
INFO: Run Behavior\BuildLiteBehavior [ RunTime:0.000000s ]
INFO: [ app_init ] --END-- [ RunTime:0.000000s ]
INFO: [ app_begin ] --START--
INFO: Run Behavior\ReadHtmlCacheBehavior [ RunTime:0.001000s ]
INFO: [ app_begin ] --END-- [ RunTime:0.001000s ]
INFO: [ view_parse ] --START--
INFO: [ template_filter ] --START--
INFO: Run Behavior\ContentReplaceBehavior [ RunTime:0.000000s ]
INFO: [ template_filter ] --END-- [ RunTime:0.000000s ]
INFO: Run Behavior\ParseTemplateBehavior [ RunTime:0.413024s ]
INFO: [ view_parse ] --END-- [ RunTime:0.413024s ]
INFO: [ view_filter ] --START--
INFO: Run Behavior\WriteHtmlCacheBehavior [ RunTime:0.001000s ]
INFO: [ view_filter ] --END-- [ RunTime:0.001000s ]
INFO: [ app_end ] --START--
INFO: Run Behavior\ShowPageTraceBehavior [ RunTime:0.001000s ]
INFO: [ app_end ] --END-- [ RunTime:0.001000s ]

[ 2015-12-12T18:47:53+08:00 ] 127.0.0.1 /index.php/login/va
INFO: [ app_init ] --START--
INFO: Run Behavior\BuildLiteBehavior [ RunTime:0.000000s ]
INFO: [ app_init ] --END-- [ RunTime:0.001000s ]
INFO: [ app_begin ] --START--
INFO: Run Behavior\ReadHtmlCacheBehavior [ RunTime:0.000000s ]
INFO: [ app_begin ] --END-- [ RunTime:0.000000s ]
SQL: SHOW COLUMNS FROM `usr` [ RunTime:0.0420s ]
NOTIC: [8] Use of undefined constant response - assumed 'response' D:\wamp\www\Application\Home\Controller\LoginController.class.php 第 27 行.
NOTIC: [8] Use of undefined constant status - assumed 'status' D:\wamp\www\Application\Home\Controller\LoginController.class.php 第 27 行.
SQL: SELECT * FROM `usr` WHERE `psw` = '123456' LIMIT 1   [ RunTime:0.0010s ]
NOTIC: [2] Missing argument 2 for createToken(), called in D:\wamp\www\Application\Home\Controller\LoginController.class.php on line 31 and defined D:\wamp\www\Application\Home\Common\function.php 第 88 行.
NOTIC: [8] Undefined variable: key D:\wamp\www\Application\Home\Common\function.php 第 89 行.
SQL: UPDATE `usr` SET `psw`='123456',`lastLogin`='2015-12-12 18:47:53',`lastIp`='127.0.0.1',`token`='V2ZWYwA1AzVSZFJkBjRUZABjATAHIgVnVnVSYQR0BDVVbAM1XjYFPgRuBDJTPF1tBTECNABiDy9QNVNhViYCJVdl',`grantTime`='2015-12-12 18:47:53' WHERE `psw` = '123456' [ RunTime:0.3850s ]
NOTIC: [8] Use of undefined constant response - assumed 'response' D:\wamp\www\Application\Home\Controller\LoginController.class.php 第 39 行.
NOTIC: [8] Use of undefined constant status - assumed 'status' D:\wamp\www\Application\Home\Controller\LoginController.class.php 第 39 行.
NOTIC: [8] Use of undefined constant token - assumed 'token' D:\wamp\www\Application\Home\Controller\LoginController.class.php 第 39 行.

[ 2015-12-12T18:47:53+08:00 ] 127.0.0.1 /index.php/login/logined
INFO: [ app_init ] --START--
INFO: Run Behavior\BuildLiteBehavior [ RunTime:0.000000s ]
INFO: [ app_init ] --END-- [ RunTime:0.001000s ]
INFO: [ app_begin ] --START--
INFO: Run Behavior\ReadHtmlCacheBehavior [ RunTime:0.000000s ]
INFO: [ app_begin ] --END-- [ RunTime:0.000000s ]
INFO: [ view_parse ] --START--
INFO: [ template_filter ] --START--
INFO: Run Behavior\ContentReplaceBehavior [ RunTime:0.000000s ]
INFO: [ template_filter ] --END-- [ RunTime:0.000000s ]
INFO: Run Behavior\ParseTemplateBehavior [ RunTime:0.020001s ]
INFO: [ view_parse ] --END-- [ RunTime:0.021001s ]
INFO: [ view_filter ] --START--
INFO: Run Behavior\WriteHtmlCacheBehavior [ RunTime:0.000000s ]
INFO: [ view_filter ] --END-- [ RunTime:0.000000s ]
INFO: [ app_end ] --START--
INFO: Run Behavior\ShowPageTraceBehavior [ RunTime:0.001000s ]
INFO: [ app_end ] --END-- [ RunTime:0.001000s ]

[ 2015-12-12T18:47:53+08:00 ] 127.0.0.1 /index.php/favicon.ico
INFO: [ app_init ] --START--
INFO: Run Behavior\BuildLiteBehavior [ RunTime:0.000000s ]
INFO: [ app_init ] --END-- [ RunTime:0.000000s ]

[ 2015-12-12T18:47:53+08:00 ] 127.0.0.1 /index.php/favicon.ico
INFO: [ app_init ] --START--
INFO: Run Behavior\BuildLiteBehavior [ RunTime:0.000000s ]
INFO: [ app_init ] --END-- [ RunTime:0.000000s ]

[ 2015-12-12T18:47:54+08:00 ] 127.0.0.1 /index.php/get/getUsrName
INFO: [ app_init ] --START--
INFO: Run Behavior\BuildLiteBehavior [ RunTime:0.000000s ]
INFO: [ app_init ] --END-- [ RunTime:0.001000s ]
INFO: [ app_begin ] --START--
INFO: Run Behavior\ReadHtmlCacheBehavior [ RunTime:0.001000s ]
INFO: [ app_begin ] --END-- [ RunTime:0.001000s ]
NOTIC: [2] Missing argument 2 for getTokenKey(), called in D:\wamp\www\Application\Home\Controller\GetController.class.php on line 19 and defined D:\wamp\www\Application\Home\Common\function.php 第 99 行.
NOTIC: [8] Undefined variable: key D:\wamp\www\Application\Home\Common\function.php 第 100 行.
SQL: SHOW COLUMNS FROM `usr` [ RunTime:0.0030s ]
NOTIC: [8] Use of undefined constant response - assumed 'response' D:\wamp\www\Application\Home\Controller\GetController.class.php 第 21 行.
NOTIC: [8] Use of undefined constant status - assumed 'status' D:\wamp\www\Application\Home\Controller\GetController.class.php 第 21 行.
NOTIC: [8] Undefined variable: usr_info D:\wamp\www\Application\Home\Controller\GetController.class.php 第 22 行.
SQL: SELECT * FROM `usr` LIMIT 1   [ RunTime:0.0010s ]
NOTIC: [8] Use of undefined constant response - assumed 'response' D:\wamp\www\Application\Home\Controller\GetController.class.php 第 24 行.
NOTIC: [8] Use of undefined constant status - assumed 'status' D:\wamp\www\Application\Home\Controller\GetController.class.php 第 24 行.
NOTIC: [8] Use of undefined constant name - assumed 'name' D:\wamp\www\Application\Home\Controller\GetController.class.php 第 24 行.

[ 2015-12-12T18:47:54+08:00 ] 127.0.0.1 /index.php/get/getOrderNumber
INFO: [ app_init ] --START--
INFO: Run Behavior\BuildLiteBehavior [ RunTime:0.000000s ]
INFO: [ app_init ] --END-- [ RunTime:0.000000s ]
INFO: [ app_begin ] --START--
INFO: Run Behavior\ReadHtmlCacheBehavior [ RunTime:0.001000s ]
INFO: [ app_begin ] --END-- [ RunTime:0.001000s ]
NOTIC: [2] Missing argument 2 for getTokenKey(), called in D:\wamp\www\Application\Home\Controller\GetController.class.php on line 39 and defined D:\wamp\www\Application\Home\Common\function.php 第 99 行.
NOTIC: [8] Undefined variable: key D:\wamp\www\Application\Home\Common\function.php 第 100 行.
SQL: SHOW COLUMNS FROM `orders` [ RunTime:0.0620s ]
SQL: SELECT * FROM `orders` WHERE `usrId` = 1325115 AND `haveSAR` = '0'  [ RunTime:0.0000s ]
SQL: SELECT `orderId`,`orderInfo`,`exportTime`,`postorId` FROM `orders` WHERE `usrId` = 1325115 AND `haveSAR` = '1'  [ RunTime:0.0000s ]
NOTIC: [8] Use of undefined constant response - assumed 'response' D:\wamp\www\Application\Home\Controller\GetController.class.php 第 45 行.
NOTIC: [8] Use of undefined constant status - assumed 'status' D:\wamp\www\Application\Home\Controller\GetController.class.php 第 45 行.
NOTIC: [8] Use of undefined constant checkedCount - assumed 'checkedCount' D:\wamp\www\Application\Home\Controller\GetController.class.php 第 45 行.
NOTIC: [8] Use of undefined constant uncheckedCount - assumed 'uncheckedCount' D:\wamp\www\Application\Home\Controller\GetController.class.php 第 45 行.

[ 2015-12-12T18:47:56+08:00 ] 127.0.0.1 /index.php/get/load?page=TurnChecked
INFO: [ app_init ] --START--
INFO: Run Behavior\BuildLiteBehavior [ RunTime:0.000000s ]
INFO: [ app_init ] --END-- [ RunTime:0.000000s ]
INFO: [ app_begin ] --START--
INFO: Run Behavior\ReadHtmlCacheBehavior [ RunTime:0.001000s ]
INFO: [ app_begin ] --END-- [ RunTime:0.001000s ]
INFO: [ view_parse ] --START--
INFO: [ template_filter ] --START--
INFO: Run Behavior\ContentReplaceBehavior [ RunTime:0.000000s ]
INFO: [ template_filter ] --END-- [ RunTime:0.000000s ]
INFO: Run Behavior\ParseTemplateBehavior [ RunTime:0.043003s ]
INFO: [ view_parse ] --END-- [ RunTime:0.043003s ]
INFO: [ view_filter ] --START--
INFO: Run Behavior\WriteHtmlCacheBehavior [ RunTime:0.000000s ]
INFO: [ view_filter ] --END-- [ RunTime:0.001000s ]
INFO: [ app_end ] --START--
INFO: Run Behavior\ShowPageTraceBehavior [ RunTime:0.001000s ]
INFO: [ app_end ] --END-- [ RunTime:0.001000s ]

[ 2015-12-12T18:47:57+08:00 ] 127.0.0.1 /index.php/get/getChecked
INFO: [ app_init ] --START--
INFO: Run Behavior\BuildLiteBehavior [ RunTime:0.000000s ]
INFO: [ app_init ] --END-- [ RunTime:0.000000s ]
INFO: [ app_begin ] --START--
INFO: Run Behavior\ReadHtmlCacheBehavior [ RunTime:0.000000s ]
INFO: [ app_begin ] --END-- [ RunTime:0.001000s ]
NOTIC: [2] Missing argument 2 for getTokenKey(), called in D:\wamp\www\Application\Home\Controller\GetController.class.php on line 79 and defined D:\wamp\www\Application\Home\Common\function.php 第 99 行.
NOTIC: [8] Undefined variable: key D:\wamp\www\Application\Home\Common\function.php 第 100 行.
SQL: SHOW COLUMNS FROM `orders` [ RunTime:0.0030s ]
SQL: SELECT * FROM `orders` WHERE `usrId` = 1325115 AND `haveSAR` = '1'  [ RunTime:0.0000s ]
NOTIC: [8] Use of undefined constant response - assumed 'response' D:\wamp\www\Application\Home\Controller\GetController.class.php 第 83 行.
NOTIC: [8] Use of undefined constant status - assumed 'status' D:\wamp\www\Application\Home\Controller\GetController.class.php 第 83 行.
NOTIC: [8] Use of undefined constant orders - assumed 'orders' D:\wamp\www\Application\Home\Controller\GetController.class.php 第 83 行.

[ 2015-12-12T18:50:33+08:00 ] 127.0.0.1 /index.php/get/load?page=TurnUnchecked
INFO: [ app_init ] --START--
INFO: Run Behavior\BuildLiteBehavior [ RunTime:0.000000s ]
INFO: [ app_init ] --END-- [ RunTime:0.000000s ]
INFO: [ app_begin ] --START--
INFO: Run Behavior\ReadHtmlCacheBehavior [ RunTime:0.015600s ]
INFO: [ app_begin ] --END-- [ RunTime:0.015600s ]
INFO: [ view_parse ] --START--
INFO: [ template_filter ] --START--
INFO: Run Behavior\ContentReplaceBehavior [ RunTime:0.000000s ]
INFO: [ template_filter ] --END-- [ RunTime:0.000000s ]
INFO: Run Behavior\ParseTemplateBehavior [ RunTime:0.015600s ]
INFO: [ view_parse ] --END-- [ RunTime:0.015600s ]
INFO: [ view_filter ] --START--
INFO: Run Behavior\WriteHtmlCacheBehavior [ RunTime:0.000000s ]
INFO: [ view_filter ] --END-- [ RunTime:0.000000s ]
INFO: [ app_end ] --START--
INFO: Run Behavior\ShowPageTraceBehavior [ RunTime:0.000000s ]
INFO: [ app_end ] --END-- [ RunTime:0.000000s ]

[ 2015-12-12T18:50:33+08:00 ] 127.0.0.1 /index.php/get/getUnchecked
INFO: [ app_init ] --START--
INFO: Run Behavior\BuildLiteBehavior [ RunTime:0.000000s ]
INFO: [ app_init ] --END-- [ RunTime:0.000000s ]
INFO: [ app_begin ] --START--
INFO: Run Behavior\ReadHtmlCacheBehavior [ RunTime:0.000000s ]
INFO: [ app_begin ] --END-- [ RunTime:0.000000s ]
NOTIC: [2] Missing argument 2 for getTokenKey(), called in D:\wamp\www\Application\Home\Controller\GetController.class.php on line 60 and defined D:\wamp\www\Application\Home\Common\function.php 第 99 行.
NOTIC: [8] Undefined variable: key D:\wamp\www\Application\Home\Common\function.php 第 100 行.
SQL: SHOW COLUMNS FROM `orders` [ RunTime:0.0000s ]
SQL: SELECT `orderId`,`orderInfo`,`positionId`,`importTime`,`postorId` FROM `orders` WHERE `usrId` = 1325115 AND `haveSAR` = '0'  [ RunTime:0.0000s ]
NOTIC: [8] Use of undefined constant response - assumed 'response' D:\wamp\www\Application\Home\Controller\GetController.class.php 第 64 行.
NOTIC: [8] Use of undefined constant status - assumed 'status' D:\wamp\www\Application\Home\Controller\GetController.class.php 第 64 行.
NOTIC: [8] Use of undefined constant orders - assumed 'orders' D:\wamp\www\Application\Home\Controller\GetController.class.php 第 64 行.

[ 2015-12-12T18:50:36+08:00 ] 127.0.0.1 /index.php/get/load?page=TurnAll
INFO: [ app_init ] --START--
INFO: Run Behavior\BuildLiteBehavior [ RunTime:0.000000s ]
INFO: [ app_init ] --END-- [ RunTime:0.000000s ]
INFO: [ app_begin ] --START--
INFO: Run Behavior\ReadHtmlCacheBehavior [ RunTime:0.000000s ]
INFO: [ app_begin ] --END-- [ RunTime:0.000000s ]
INFO: [ view_parse ] --START--
INFO: [ template_filter ] --START--
INFO: Run Behavior\ContentReplaceBehavior [ RunTime:0.000000s ]
INFO: [ template_filter ] --END-- [ RunTime:0.000000s ]
INFO: Run Behavior\ParseTemplateBehavior [ RunTime:0.000000s ]
INFO: [ view_parse ] --END-- [ RunTime:0.000000s ]
INFO: [ view_filter ] --START--
INFO: Run Behavior\WriteHtmlCacheBehavior [ RunTime:0.000000s ]
INFO: [ view_filter ] --END-- [ RunTime:0.000000s ]
INFO: [ app_end ] --START--
INFO: Run Behavior\ShowPageTraceBehavior [ RunTime:0.000000s ]
INFO: [ app_end ] --END-- [ RunTime:0.000000s ]

[ 2015-12-12T18:50:37+08:00 ] 127.0.0.1 /index.php/get/load?page=TurnUnchecked
INFO: [ app_init ] --START--
INFO: Run Behavior\BuildLiteBehavior [ RunTime:0.000000s ]
INFO: [ app_init ] --END-- [ RunTime:0.000000s ]
INFO: [ app_begin ] --START--
INFO: Run Behavior\ReadHtmlCacheBehavior [ RunTime:0.000000s ]
INFO: [ app_begin ] --END-- [ RunTime:0.000000s ]
INFO: [ view_parse ] --START--
INFO: [ template_filter ] --START--
INFO: Run Behavior\ContentReplaceBehavior [ RunTime:0.000000s ]
INFO: [ template_filter ] --END-- [ RunTime:0.000000s ]
INFO: Run Behavior\ParseTemplateBehavior [ RunTime:0.015600s ]
INFO: [ view_parse ] --END-- [ RunTime:0.015600s ]
INFO: [ view_filter ] --START--
INFO: Run Behavior\WriteHtmlCacheBehavior [ RunTime:0.000000s ]
INFO: [ view_filter ] --END-- [ RunTime:0.000000s ]
INFO: [ app_end ] --START--
INFO: Run Behavior\ShowPageTraceBehavior [ RunTime:0.000000s ]
INFO: [ app_end ] --END-- [ RunTime:0.000000s ]

[ 2015-12-12T18:50:37+08:00 ] 127.0.0.1 /index.php/get/getUnchecked
INFO: [ app_init ] --START--
INFO: Run Behavior\BuildLiteBehavior [ RunTime:0.000000s ]
INFO: [ app_init ] --END-- [ RunTime:0.000000s ]
INFO: [ app_begin ] --START--
INFO: Run Behavior\ReadHtmlCacheBehavior [ RunTime:0.000000s ]
INFO: [ app_begin ] --END-- [ RunTime:0.000000s ]
NOTIC: [2] Missing argument 2 for getTokenKey(), called in D:\wamp\www\Application\Home\Controller\GetController.class.php on line 60 and defined D:\wamp\www\Application\Home\Common\function.php 第 99 行.
NOTIC: [8] Undefined variable: key D:\wamp\www\Application\Home\Common\function.php 第 100 行.
SQL: SHOW COLUMNS FROM `orders` [ RunTime:0.0000s ]
SQL: SELECT `orderId`,`orderInfo`,`positionId`,`importTime`,`postorId` FROM `orders` WHERE `usrId` = 1325115 AND `haveSAR` = '0'  [ RunTime:0.0000s ]
NOTIC: [8] Use of undefined constant response - assumed 'response' D:\wamp\www\Application\Home\Controller\GetController.class.php 第 64 行.
NOTIC: [8] Use of undefined constant status - assumed 'status' D:\wamp\www\Application\Home\Controller\GetController.class.php 第 64 行.
NOTIC: [8] Use of undefined constant orders - assumed 'orders' D:\wamp\www\Application\Home\Controller\GetController.class.php 第 64 行.

[ 2015-12-12T18:55:17+08:00 ] 127.0.0.1 /index.php/login/logined
INFO: [ app_init ] --START--
INFO: Run Behavior\BuildLiteBehavior [ RunTime:0.000000s ]
INFO: [ app_init ] --END-- [ RunTime:0.000000s ]
INFO: [ app_begin ] --START--
INFO: Run Behavior\ReadHtmlCacheBehavior [ RunTime:0.000000s ]
INFO: [ app_begin ] --END-- [ RunTime:0.000000s ]
INFO: [ view_parse ] --START--
INFO: [ template_filter ] --START--
INFO: Run Behavior\ContentReplaceBehavior [ RunTime:0.000000s ]
INFO: [ template_filter ] --END-- [ RunTime:0.000000s ]
INFO: Run Behavior\ParseTemplateBehavior [ RunTime:0.000000s ]
INFO: [ view_parse ] --END-- [ RunTime:0.000000s ]
INFO: [ view_filter ] --START--
INFO: Run Behavior\WriteHtmlCacheBehavior [ RunTime:0.015600s ]
INFO: [ view_filter ] --END-- [ RunTime:0.015600s ]
INFO: [ app_end ] --START--
INFO: Run Behavior\ShowPageTraceBehavior [ RunTime:0.000000s ]
INFO: [ app_end ] --END-- [ RunTime:0.000000s ]

[ 2015-12-12T18:55:22+08:00 ] 127.0.0.1 /index.php/get/getUsrName
INFO: [ app_init ] --START--
INFO: Run Behavior\BuildLiteBehavior [ RunTime:0.000000s ]
INFO: [ app_init ] --END-- [ RunTime:0.000000s ]
INFO: [ app_begin ] --START--
INFO: Run Behavior\ReadHtmlCacheBehavior [ RunTime:0.000000s ]
INFO: [ app_begin ] --END-- [ RunTime:0.000000s ]
NOTIC: [2] Missing argument 2 for getTokenKey(), called in D:\wamp\www\Application\Home\Controller\GetController.class.php on line 19 and defined D:\wamp\www\Application\Home\Common\function.php 第 99 行.
NOTIC: [8] Undefined variable: key D:\wamp\www\Application\Home\Common\function.php 第 100 行.
SQL: SHOW COLUMNS FROM `usr` [ RunTime:0.0000s ]
NOTIC: [8] Use of undefined constant response - assumed 'response' D:\wamp\www\Application\Home\Controller\GetController.class.php 第 21 行.
NOTIC: [8] Use of undefined constant status - assumed 'status' D:\wamp\www\Application\Home\Controller\GetController.class.php 第 21 行.
NOTIC: [8] Undefined variable: usr_info D:\wamp\www\Application\Home\Controller\GetController.class.php 第 22 行.
SQL: SELECT * FROM `usr` LIMIT 1   [ RunTime:0.0000s ]
NOTIC: [8] Use of undefined constant response - assumed 'response' D:\wamp\www\Application\Home\Controller\GetController.class.php 第 24 行.
NOTIC: [8] Use of undefined constant status - assumed 'status' D:\wamp\www\Application\Home\Controller\GetController.class.php 第 24 行.
NOTIC: [8] Use of undefined constant name - assumed 'name' D:\wamp\www\Application\Home\Controller\GetController.class.php 第 24 行.

[ 2015-12-12T18:55:22+08:00 ] 127.0.0.1 /index.php/get/getOrderNumber
INFO: [ app_init ] --START--
INFO: Run Behavior\BuildLiteBehavior [ RunTime:0.000000s ]
INFO: [ app_init ] --END-- [ RunTime:0.000000s ]
INFO: [ app_begin ] --START--
INFO: Run Behavior\ReadHtmlCacheBehavior [ RunTime:0.000000s ]
INFO: [ app_begin ] --END-- [ RunTime:0.000000s ]
NOTIC: [2] Missing argument 2 for getTokenKey(), called in D:\wamp\www\Application\Home\Controller\GetController.class.php on line 39 and defined D:\wamp\www\Application\Home\Common\function.php 第 99 行.
NOTIC: [8] Undefined variable: key D:\wamp\www\Application\Home\Common\function.php 第 100 行.
SQL: SHOW COLUMNS FROM `orders` [ RunTime:0.0000s ]
SQL: SELECT * FROM `orders` WHERE `usrId` = 1325115 AND `haveSAR` = '0'  [ RunTime:0.0000s ]
SQL: SELECT `orderId`,`orderInfo`,`exportTime`,`postorId` FROM `orders` WHERE `usrId` = 1325115 AND `haveSAR` = '1'  [ RunTime:0.0000s ]
NOTIC: [8] Use of undefined constant response - assumed 'response' D:\wamp\www\Application\Home\Controller\GetController.class.php 第 45 行.
NOTIC: [8] Use of undefined constant status - assumed 'status' D:\wamp\www\Application\Home\Controller\GetController.class.php 第 45 行.
NOTIC: [8] Use of undefined constant checkedCount - assumed 'checkedCount' D:\wamp\www\Application\Home\Controller\GetController.class.php 第 45 行.
NOTIC: [8] Use of undefined constant uncheckedCount - assumed 'uncheckedCount' D:\wamp\www\Application\Home\Controller\GetController.class.php 第 45 行.

